<?xml version="1.0" encoding="UTF-8"?>
<testng-results skipped="0" failed="1" total="1" passed="0">
  <reporter-output>
    <line>
      <![CDATA[<br></br>Test Case Id : A_SU_12 ]]>
    </line>
    <line>
      <![CDATA[<br></br>Testcase Discription : Click here button in email.]]>
    </line>
    <line>
      <![CDATA[<br></br>Step 1 : Open url:<a>http://automation.zinghr.com/2015/pages/Authentication/SignUp.aspx</a>]]>
    </line>
    <line>
      <![CDATA[<br></br>Step 2: Enter company Name: PnHf]]>
    </line>
    <line>
      <![CDATA[<br></br>Step 3: Display Employee Name: CFsyiN]]>
    </line>
    <line>
      <![CDATA[<br></br>Step 4: Enter Email id: kiwitest12125358727@mailinator.com]]>
    </line>
    <line>
      <![CDATA[<br></br>Step 5: Select any country]]>
    </line>
    <line>
      <![CDATA[<br></br>Step 6: Enter Contact no: 9429186891]]>
    </line>
    <line>
      <![CDATA[<br></br>Step 7: Click on 'Sign Up for 30 days trial' button.]]>
    </line>
    <line>
      <![CDATA[<br></br>Step 8: Open ZingHR activation mail.]]>
    </line>
    <line>
      <![CDATA[<br></br>Step 9: Click on 'Click Here' button in mail.]]>
    </line>
    <line>
      <![CDATA[<br></br>Step 10: Enter Blank Password:  ]]>
    </line>
    <line>
      <![CDATA[<br> <b>Please look to the screenshot - </b>]]>
    </line>
    <line>
      <![CDATA[<br><Strong><font color=#FF0000>--Failed</font></strong>]]>
    </line>
    <line>
      <![CDATA[<a href='../test-output/screenshots/1204131127956enterBlankPassword.png' target='_new'>1204131127956enterBlankPassword.png</a>]]>
    </line>
    <line>
      <![CDATA[<br></br><h3>Failure Reason:</h3>]]>
    </line>
    <line>
      <![CDATA[<br></br>org.openqa.selenium.NoSuchElementException: Timed out after 15 seconds. Unable to locate the element]]>
    </line>
  </reporter-output>
  <suite name="ZingHr - SignUp Page Verification" duration-ms="111993" started-at="2015-12-04T07:39:36Z" finished-at="2015-12-04T07:41:28Z">
    <groups>
    </groups>
    <test name="A_SU_12: To verify that Password field do not accept blank data." duration-ms="111993" started-at="2015-12-04T07:39:36Z" finished-at="2015-12-04T07:41:28Z">
      <class name="com.zinghr.signup.index.SignupIndex">
        <test-method status="PASS" signature="fetchSuiteConfiguration(org.testng.ITestContext)[pri:0, instance:com.zinghr.signup.index.SignupIndex@73f792cf]" name="fetchSuiteConfiguration" is-config="true" duration-ms="14" started-at="2015-12-04T13:09:36Z" finished-at="2015-12-04T13:09:36Z">
          <params>
            <param index="0">
              <value>
                <![CDATA[org.testng.TestRunner@2cf3d63b]]>
              </value>
            </param>
          </params>
          <reporter-output>
          </reporter-output>
        </test-method> <!-- fetchSuiteConfiguration -->
        <test-method status="PASS" signature="setUp(java.lang.reflect.Method, org.testng.ITestContext)[pri:0, instance:com.zinghr.signup.index.SignupIndex@73f792cf]" name="setUp" is-config="true" duration-ms="17203" started-at="2015-12-04T13:09:36Z" finished-at="2015-12-04T13:09:53Z">
          <params>
            <param index="0">
              <value>
                <![CDATA[public void com.zinghr.signup.index.SignupIndex.enterBlankPassword() throws java.lang.Exception]]>
              </value>
            </param>
            <param index="1">
              <value>
                <![CDATA[org.testng.TestRunner@2cf3d63b]]>
              </value>
            </param>
          </params>
          <reporter-output>
          </reporter-output>
        </test-method> <!-- setUp -->
        <test-method status="FAIL" signature="enterBlankPassword()[pri:0, instance:com.zinghr.signup.index.SignupIndex@73f792cf]" name="enterBlankPassword" duration-ms="94084" started-at="2015-12-04T13:09:53Z" finished-at="2015-12-04T13:11:27Z">
          <exception class="org.openqa.selenium.NoSuchElementException">
            <message>
              <![CDATA[Timed out after 15 seconds. Unable to locate the element
For documentation on this error, please visit: http://seleniumhq.org/exceptions/no_such_element.html
Build info: version: '2.47.1', revision: 'unknown', time: '2015-07-30 11:02:44'
System info: host: 'HP', ip: '192.168.1.35', os.name: 'Windows 8.1', os.arch: 'amd64', os.version: '6.3', java.version: '1.8.0_60'
Driver info: driver.version: RemoteWebDriver]]>
            </message>
            <full-stacktrace>
              <![CDATA[org.openqa.selenium.NoSuchElementException: Timed out after 15 seconds. Unable to locate the element
For documentation on this error, please visit: http://seleniumhq.org/exceptions/no_such_element.html
Build info: version: '2.47.1', revision: 'unknown', time: '2015-07-30 11:02:44'
System info: host: 'HP', ip: '192.168.1.35', os.name: 'Windows 8.1', os.arch: 'amd64', os.version: '6.3', java.version: '1.8.0_60'
Driver info: driver.version: RemoteWebDriver
	at org.openqa.selenium.support.pagefactory.AjaxElementLocator.findElement(AjaxElementLocator.java:89)
	at org.openqa.selenium.support.pagefactory.internal.LocatingElementHandler.invoke(LocatingElementHandler.java:38)
	at com.sun.proxy.$Proxy8.getWrappedElement(Unknown Source)
	at org.openqa.selenium.remote.internal.WebElementToJsonConverter.apply(WebElementToJsonConverter.java:49)
	at com.google.common.collect.Iterators$8.transform(Iterators.java:794)
	at com.google.common.collect.TransformedIterator.next(TransformedIterator.java:48)
	at com.google.common.collect.Iterators.addAll(Iterators.java:357)
	at com.google.common.collect.Lists.newArrayList(Lists.java:147)
	at com.google.common.collect.Lists.newArrayList(Lists.java:129)
	at org.openqa.selenium.remote.RemoteWebDriver.executeScript(RemoteWebDriver.java:500)
	at com.zinghr.init.Common.highlightElement(Common.java:939)
	at com.zinghr.init.Common.clickOn(Common.java:528)
	at com.zinghr.signup.indexPage.SignupIndexPage.enterCompanyCode(SignupIndexPage.java:116)
	at com.zinghr.signup.indexPage.SignupIndexPage.blankPassword(SignupIndexPage.java:724)
	at com.zinghr.signup.index.SignupIndex.enterBlankPassword(SignupIndex.java:880)
	at sun.reflect.NativeMethodAccessorImpl.invoke0(Native Method)
	at sun.reflect.NativeMethodAccessorImpl.invoke(NativeMethodAccessorImpl.java:62)
	at sun.reflect.DelegatingMethodAccessorImpl.invoke(DelegatingMethodAccessorImpl.java:43)
	at java.lang.reflect.Method.invoke(Method.java:497)
	at org.testng.internal.MethodInvocationHelper.invokeMethod(MethodInvocationHelper.java:84)
	at org.testng.internal.Invoker.invokeMethod(Invoker.java:714)
	at org.testng.internal.Invoker.invokeTestMethod(Invoker.java:901)
	at org.testng.internal.Invoker.invokeTestMethods(Invoker.java:1231)
	at org.testng.internal.TestMethodWorker.invokeTestMethods(TestMethodWorker.java:127)
	at org.testng.internal.TestMethodWorker.run(TestMethodWorker.java:111)
	at org.testng.TestRunner.privateRun(TestRunner.java:767)
	at org.testng.TestRunner.run(TestRunner.java:617)
	at org.testng.SuiteRunner.runTest(SuiteRunner.java:348)
	at org.testng.SuiteRunner.runSequentially(SuiteRunner.java:343)
	at org.testng.SuiteRunner.privateRun(SuiteRunner.java:305)
	at org.testng.SuiteRunner.run(SuiteRunner.java:254)
	at org.testng.SuiteRunnerWorker.runSuite(SuiteRunnerWorker.java:52)
	at org.testng.SuiteRunnerWorker.run(SuiteRunnerWorker.java:86)
	at org.testng.TestNG.runSuitesSequentially(TestNG.java:1224)
	at org.testng.TestNG.runSuitesLocally(TestNG.java:1149)
	at org.testng.TestNG.run(TestNG.java:1057)
	at org.apache.maven.surefire.testng.TestNGExecutor.run(TestNGExecutor.java:293)
	at org.apache.maven.surefire.testng.TestNGXmlTestSuite.execute(TestNGXmlTestSuite.java:84)
	at org.apache.maven.surefire.testng.TestNGProvider.invoke(TestNGProvider.java:91)
	at org.apache.maven.surefire.booter.ForkedBooter.invokeProviderInSameClassLoader(ForkedBooter.java:200)
	at org.apache.maven.surefire.booter.ForkedBooter.runSuitesInProcess(ForkedBooter.java:153)
	at org.apache.maven.surefire.booter.ForkedBooter.main(ForkedBooter.java:103)
Caused by: org.openqa.selenium.NoSuchElementException: Unable to locate element: {"method":"xpath","selector":".//*[@id='txtCompanyName']"}
For documentation on this error, please visit: http://seleniumhq.org/exceptions/no_such_element.html
Build info: version: '2.47.1', revision: '411b314', time: '2015-07-30 03:03:16'
System info: host: 'HP', ip: '192.168.1.35', os.name: 'Windows 8.1', os.arch: 'amd64', os.version: '6.3', java.version: '1.8.0_65'
Driver info: driver.version: unknown
Command duration or timeout: 30.43 seconds
For documentation on this error, please visit: http://seleniumhq.org/exceptions/no_such_element.html
Build info: version: '2.47.1', revision: 'unknown', time: '2015-07-30 11:02:44'
System info: host: 'HP', ip: '192.168.1.35', os.name: 'Windows 8.1', os.arch: 'amd64', os.version: '6.3', java.version: '1.8.0_60'
Driver info: org.openqa.selenium.remote.RemoteWebDriver
Capabilities [{applicationCacheEnabled=true, rotatable=false, handlesAlerts=true, databaseEnabled=true, version=42.0, platform=WINDOWS, nativeEvents=false, acceptSslCerts=true, webdriver.remote.sessionid=01f2f382-1937-4e2c-9778-5109c46803d4, webStorageEnabled=true, locationContextEnabled=true, browserName=firefox, takesScreenshot=true, javascriptEnabled=true, cssSelectorsEnabled=true}]
Session ID: 01f2f382-1937-4e2c-9778-5109c46803d4
*** Element info: {Using=xpath, value=.//*[@id='txtCompanyName']}
	at sun.reflect.NativeConstructorAccessorImpl.newInstance0(Native Method)
	at sun.reflect.NativeConstructorAccessorImpl.newInstance(NativeConstructorAccessorImpl.java:62)
	at sun.reflect.DelegatingConstructorAccessorImpl.newInstance(DelegatingConstructorAccessorImpl.java:45)
	at java.lang.reflect.Constructor.newInstance(Constructor.java:422)
	at org.openqa.selenium.remote.ErrorHandler.createThrowable(ErrorHandler.java:206)
	at org.openqa.selenium.remote.ErrorHandler.throwIfResponseFailed(ErrorHandler.java:158)
	at org.openqa.selenium.remote.RemoteWebDriver.execute(RemoteWebDriver.java:595)
	at org.openqa.selenium.remote.RemoteWebDriver.findElement(RemoteWebDriver.java:348)
	at org.openqa.selenium.remote.RemoteWebDriver.findElementByXPath(RemoteWebDriver.java:445)
	at org.openqa.selenium.By$ByXPath.findElement(By.java:358)
	at org.openqa.selenium.remote.RemoteWebDriver.findElement(RemoteWebDriver.java:340)
	at org.openqa.selenium.support.pagefactory.DefaultElementLocator.findElement(DefaultElementLocator.java:69)
	at org.openqa.selenium.support.pagefactory.AjaxElementLocator.access$001(AjaxElementLocator.java:41)
	at org.openqa.selenium.support.pagefactory.AjaxElementLocator$SlowLoadingElement.isLoaded(AjaxElementLocator.java:157)
	at org.openqa.selenium.support.ui.SlowLoadableComponent.get(SlowLoadableComponent.java:70)
	at org.openqa.selenium.support.pagefactory.AjaxElementLocator.findElement(AjaxElementLocator.java:87)
	... 41 more
Caused by: org.openqa.selenium.remote.ScreenshotException: Screen shot has been taken
Build info: version: '2.47.1', revision: 'unknown', time: '2015-07-30 11:02:44'
System info: host: 'HP', ip: '192.168.1.35', os.name: 'Windows 8.1', os.arch: 'amd64', os.version: '6.3', java.version: '1.8.0_60'
Driver info: driver.version: RemoteWebDriver
	at org.openqa.selenium.remote.ErrorHandler.throwIfResponseFailed(ErrorHandler.java:138)
	... 51 more
Caused by: org.openqa.selenium.NoSuchElementException: Unable to locate element: {"method":"xpath","selector":".//*[@id='txtCompanyName']"}
For documentation on this error, please visit: http://seleniumhq.org/exceptions/no_such_element.html
Build info: version: '2.47.1', revision: '411b314', time: '2015-07-30 03:03:16'
System info: host: 'HP', ip: '192.168.1.35', os.name: 'Windows 8.1', os.arch: 'amd64', os.version: '6.3', java.version: '1.8.0_65'
Driver info: driver.version: unknown
For documentation on this error, please visit: http://seleniumhq.org/exceptions/no_such_element.html
Build info: version: '2.47.1', revision: 'unknown', time: '2015-07-30 11:02:44'
System info: host: 'HP', ip: '192.168.1.35', os.name: 'Windows 8.1', os.arch: 'amd64', os.version: '6.3', java.version: '1.8.0_60'
Driver info: driver.version: unknown
	at <anonymous class>.FirefoxDriver.prototype.findElementInternal_(file:///C:/Users/KSPL08/AppData/Local/Temp/anonymous4389402613562008643webdriver-profile/extensions/fxdriver@googlecode.com/components/driver-component.js:10667)
	at <anonymous class>.fxdriver.Timer.prototype.setTimeout/<.notify(file:///C:/Users/KSPL08/AppData/Local/Temp/anonymous4389402613562008643webdriver-profile/extensions/fxdriver@googlecode.com/components/driver-component.js:623)
]]>
            </full-stacktrace>
          </exception> <!-- org.openqa.selenium.NoSuchElementException -->
          <reporter-output>
            <line>
              <![CDATA[<br></br>Test Case Id : A_SU_12 ]]>
            </line>
            <line>
              <![CDATA[<br></br>Testcase Discription : Click here button in email.]]>
            </line>
            <line>
              <![CDATA[<br></br>Step 1 : Open url:<a>http://automation.zinghr.com/2015/pages/Authentication/SignUp.aspx</a>]]>
            </line>
            <line>
              <![CDATA[<br></br>Step 2: Enter company Name: PnHf]]>
            </line>
            <line>
              <![CDATA[<br></br>Step 3: Display Employee Name: CFsyiN]]>
            </line>
            <line>
              <![CDATA[<br></br>Step 4: Enter Email id: kiwitest12125358727@mailinator.com]]>
            </line>
            <line>
              <![CDATA[<br></br>Step 5: Select any country]]>
            </line>
            <line>
              <![CDATA[<br></br>Step 6: Enter Contact no: 9429186891]]>
            </line>
            <line>
              <![CDATA[<br></br>Step 7: Click on 'Sign Up for 30 days trial' button.]]>
            </line>
            <line>
              <![CDATA[<br></br>Step 8: Open ZingHR activation mail.]]>
            </line>
            <line>
              <![CDATA[<br></br>Step 9: Click on 'Click Here' button in mail.]]>
            </line>
            <line>
              <![CDATA[<br></br>Step 10: Enter Blank Password:  ]]>
            </line>
            <line>
              <![CDATA[<br> <b>Please look to the screenshot - </b>]]>
            </line>
            <line>
              <![CDATA[<br><Strong><font color=#FF0000>--Failed</font></strong>]]>
            </line>
            <line>
              <![CDATA[<a href='../test-output/screenshots/1204131127956enterBlankPassword.png' target='_new'>1204131127956enterBlankPassword.png</a>]]>
            </line>
            <line>
              <![CDATA[<br></br><h3>Failure Reason:</h3>]]>
            </line>
            <line>
              <![CDATA[<br></br>org.openqa.selenium.NoSuchElementException: Timed out after 15 seconds. Unable to locate the element]]>
            </line>
          </reporter-output>
        </test-method> <!-- enterBlankPassword -->
        <test-method status="PASS" signature="tearDown(org.testng.ITestResult)[pri:0, instance:com.zinghr.signup.index.SignupIndex@73f792cf]" name="tearDown" is-config="true" duration-ms="669" started-at="2015-12-04T13:11:27Z" finished-at="2015-12-04T13:11:28Z">
          <params>
            <param index="0">
              <value>
                <![CDATA[[TestResult name=enterBlankPassword status=FAILURE method=SignupIndex.enterBlankPassword()[pri:0, instance:com.zinghr.signup.index.SignupIndex@73f792cf] output=<br></br>Test Case Id : A_SU_12 ]]]>
              </value>
            </param>
          </params>
          <reporter-output>
          </reporter-output>
        </test-method> <!-- tearDown -->
      </class> <!-- com.zinghr.signup.index.SignupIndex -->
    </test> <!-- A_SU_12: To verify that Password field do not accept blank data. -->
  </suite> <!-- ZingHr - SignUp Page Verification -->
</testng-results>
