<!DOCTYPE html>

<html>
  <head>
  <title>TestNG reports</title>

    <link type="text/css" href="testng-reports.css" rel="stylesheet" />  
    <script type="text/javascript" src="jquery-1.7.1.min.js"></script>
    <script type="text/javascript" src="testng-reports.js"></script>
    <script type="text/javascript" src="https://www.google.com/jsapi"></script>
    <script type='text/javascript'>
      google.load('visualization', '1', {packages:['table']});
      google.setOnLoadCallback(drawTable);
      var suiteTableInitFunctions = new Array();
      var suiteTableData = new Array();
    </script>
    <!--
      <script type="text/javascript" src="jquery-ui/js/jquery-ui-1.8.16.custom.min.js"></script>
     -->
  </head>

  <body>
    <div class="top-banner-root">
      <span class="top-banner-title-font">Test results</span>
      <br/>
      <span class="top-banner-font-1">1 suite, 1 failed test</span>
    </div> <!-- top-banner-root -->
    <div class="navigator-root">
      <div class="navigator-suite-header">
        <span>All suites</span>
        <a href="#" class="collapse-all-link" title="Collapse/expand all the suites">
          <img class="collapse-all-icon" src="collapseall.gif">
          </img> <!-- collapse-all-icon -->
        </a> <!-- collapse-all-link -->
      </div> <!-- navigator-suite-header -->
      <div class="suite">
        <div class="rounded-window">
          <div class="suite-header light-rounded-window-top">
            <a href="#" class="navigator-link" panel-name="suite-ZingHr_-_Time_and_Attendance_Setup">
              <span class="suite-name border-failed">ZingHr - Time and Attendance Setup</span>
            </a> <!-- navigator-link -->
          </div> <!-- suite-header light-rounded-window-top -->
          <div class="navigator-suite-content">
            <div class="suite-section-title">
              <span>Info</span>
            </div> <!-- suite-section-title -->
            <div class="suite-section-content">
              <ul>
                <li>
                  <a href="#" class="navigator-link " panel-name="test-xml-ZingHr_-_Time_and_Attendance_Setup">
                    <span>C:\Users\KSPL08\git\ZINGHR-Automation-Project\Build\TimeAndAttendanceSettingIndexSuit.xml</span>
                  </a> <!-- navigator-link  -->
                </li>
                <li>
                  <a href="#" class="navigator-link " panel-name="testlist-ZingHr_-_Time_and_Attendance_Setup">
                    <span class="test-stats">1 test</span>
                  </a> <!-- navigator-link  -->
                </li>
                <li>
                  <a href="#" class="navigator-link " panel-name="group-ZingHr_-_Time_and_Attendance_Setup">
                    <span>0 groups</span>
                  </a> <!-- navigator-link  -->
                </li>
                <li>
                  <a href="#" class="navigator-link " panel-name="times-ZingHr_-_Time_and_Attendance_Setup">
                    <span>Times</span>
                  </a> <!-- navigator-link  -->
                </li>
                <li>
                  <a href="#" class="navigator-link " panel-name="reporter-ZingHr_-_Time_and_Attendance_Setup">
                    <span>Reporter output</span>
                  </a> <!-- navigator-link  -->
                </li>
                <li>
                  <a href="#" class="navigator-link " panel-name="ignored-methods-ZingHr_-_Time_and_Attendance_Setup">
                    <span>Ignored methods</span>
                  </a> <!-- navigator-link  -->
                </li>
                <li>
                  <a href="#" class="navigator-link " panel-name="chronological-ZingHr_-_Time_and_Attendance_Setup">
                    <span>Chronological view</span>
                  </a> <!-- navigator-link  -->
                </li>
              </ul>
            </div> <!-- suite-section-content -->
            <div class="result-section">
              <div class="suite-section-title">
                <span>Results</span>
              </div> <!-- suite-section-title -->
              <div class="suite-section-content">
                <ul>
                  <li>
                    <span class="method-stats">1 method, 1 failed,   </span>
                  </li>
                  <li>
                    <span class="method-list-title failed">Failed methods</span>
                    <span class="show-or-hide-methods failed">
                      <a href="#" panel-name="suite-ZingHr_-_Time_and_Attendance_Setup" class="hide-methods failed suite-ZingHr_-_Time_and_Attendance_Setup"> (hide)</a> <!-- hide-methods failed suite-ZingHr_-_Time_and_Attendance_Setup -->
                      <a href="#" panel-name="suite-ZingHr_-_Time_and_Attendance_Setup" class="show-methods failed suite-ZingHr_-_Time_and_Attendance_Setup"> (show)</a> <!-- show-methods failed suite-ZingHr_-_Time_and_Attendance_Setup -->
                    </span>
                    <div class="method-list-content failed suite-ZingHr_-_Time_and_Attendance_Setup">
                      <span>
                        <img width="3%" src="failed.png"/>
                        <a href="#" class="method navigator-link" panel-name="suite-ZingHr_-_Time_and_Attendance_Setup" title="com.zinghr.tna.index.SettingsTimeAttendanceSetupIndex" hash-for-method="markingManagerChecked">markingManagerChecked</a> <!-- method navigator-link -->
                      </span>
                      <br/>
                    </div> <!-- method-list-content failed suite-ZingHr_-_Time_and_Attendance_Setup -->
                  </li>
                </ul>
              </div> <!-- suite-section-content -->
            </div> <!-- result-section -->
          </div> <!-- navigator-suite-content -->
        </div> <!-- rounded-window -->
      </div> <!-- suite -->
    </div> <!-- navigator-root -->
    <div class="wrapper">
      <div class="main-panel-root">
        <div panel-name="suite-ZingHr_-_Time_and_Attendance_Setup" class="panel ZingHr_-_Time_and_Attendance_Setup">
          <div class="suite-ZingHr_-_Time_and_Attendance_Setup-class-failed">
            <div class="main-panel-header rounded-window-top">
              <img src="failed.png"/>
              <span class="class-name">com.zinghr.tna.index.SettingsTimeAttendanceSetupIndex</span>
            </div> <!-- main-panel-header rounded-window-top -->
            <div class="main-panel-content rounded-window-bottom">
              <div class="method">
                <div class="method-content">
                  <a name="markingManagerChecked">
                  </a> <!-- markingManagerChecked -->
                  <span class="method-name">markingManagerChecked</span>
                  <div class="stack-trace">org.openqa.selenium.NoSuchElementException: Timed out after 15 seconds. Unable to locate the element
For documentation on this error, please visit: http://seleniumhq.org/exceptions/no_such_element.html
Build info: version: &apos;2.47.1&apos;, revision: &apos;411b314&apos;, time: &apos;2015-07-30 03:03:16&apos;
System info: host: &apos;HP&apos;, ip: &apos;192.168.1.35&apos;, os.name: &apos;Windows 8.1&apos;, os.arch: &apos;amd64&apos;, os.version: &apos;6.3&apos;, java.version: &apos;1.8.0_65&apos;
Driver info: driver.version: unknown
	at org.openqa.selenium.support.pagefactory.AjaxElementLocator.findElement(AjaxElementLocator.java:89)
	at org.openqa.selenium.support.pagefactory.internal.LocatingElementHandler.invoke(LocatingElementHandler.java:38)
	at com.sun.proxy.$Proxy7.isSelected(Unknown Source)
	at com.zinghr.tna.indexPage.SettingsTimeAttendanceSetupIndexPage.checkMarkingManger(SettingsTimeAttendanceSetupIndexPage.java:212)
	at com.zinghr.tna.index.SettingsTimeAttendanceSetupIndex.markingManagerChecked(SettingsTimeAttendanceSetupIndex.java:801)
	at sun.reflect.NativeMethodAccessorImpl.invoke0(Native Method)
	at sun.reflect.NativeMethodAccessorImpl.invoke(Unknown Source)
	at sun.reflect.DelegatingMethodAccessorImpl.invoke(Unknown Source)
	at java.lang.reflect.Method.invoke(Unknown Source)
	at org.testng.internal.MethodInvocationHelper.invokeMethod(MethodInvocationHelper.java:84)
	at org.testng.internal.Invoker.invokeMethod(Invoker.java:714)
	at org.testng.internal.Invoker.invokeTestMethod(Invoker.java:901)
	at org.testng.internal.Invoker.invokeTestMethods(Invoker.java:1231)
	at org.testng.internal.TestMethodWorker.invokeTestMethods(TestMethodWorker.java:127)
	at org.testng.internal.TestMethodWorker.run(TestMethodWorker.java:111)
	at org.testng.TestRunner.privateRun(TestRunner.java:767)
	at org.testng.TestRunner.run(TestRunner.java:617)
	at org.testng.SuiteRunner.runTest(SuiteRunner.java:334)
	at org.testng.SuiteRunner.runSequentially(SuiteRunner.java:329)
	at org.testng.SuiteRunner.privateRun(SuiteRunner.java:291)
	at org.testng.SuiteRunner.run(SuiteRunner.java:240)
	at org.testng.SuiteRunnerWorker.runSuite(SuiteRunnerWorker.java:52)
	at org.testng.SuiteRunnerWorker.run(SuiteRunnerWorker.java:86)
	at org.testng.TestNG.runSuitesSequentially(TestNG.java:1224)
	at org.testng.TestNG.runSuitesLocally(TestNG.java:1149)
	at org.testng.TestNG.run(TestNG.java:1057)
	at org.testng.remote.RemoteTestNG.run(RemoteTestNG.java:111)
	at org.testng.remote.RemoteTestNG.initAndRun(RemoteTestNG.java:204)
	at org.testng.remote.RemoteTestNG.main(RemoteTestNG.java:175)
Caused by: org.openqa.selenium.NoSuchElementException: no such element: Unable to locate element: {&quot;method&quot;:&quot;id&quot;,&quot;selector&quot;:&quot;&quot;}
  (Session info: chrome=46.0.2490.86)
  (Driver info: chromedriver=2.20.353145 (343b531d31eeb933ec778dbcf7081628a1396067),platform=Windows NT 6.3 x86_64) (WARNING: The server did not provide any stacktrace information)
Command duration or timeout: 30.05 seconds
For documentation on this error, please visit: http://seleniumhq.org/exceptions/no_such_element.html
Build info: version: &apos;2.47.1&apos;, revision: &apos;411b314&apos;, time: &apos;2015-07-30 03:03:16&apos;
System info: host: &apos;HP&apos;, ip: &apos;192.168.1.35&apos;, os.name: &apos;Windows 8.1&apos;, os.arch: &apos;amd64&apos;, os.version: &apos;6.3&apos;, java.version: &apos;1.8.0_65&apos;
Driver info: org.openqa.selenium.chrome.ChromeDriver
Capabilities [{applicationCacheEnabled=false, rotatable=false, mobileEmulationEnabled=false, chrome={userDataDir=C:\Users\KSPL08\AppData\Local\Temp\scoped_dir2964_32700}, takesHeapSnapshot=true, databaseEnabled=false, handlesAlerts=true, hasTouchScreen=false, version=46.0.2490.86, platform=WIN8_1, browserConnectionEnabled=false, nativeEvents=true, acceptSslCerts=true, locationContextEnabled=true, webStorageEnabled=true, browserName=chrome, takesScreenshot=true, javascriptEnabled=true, cssSelectorsEnabled=true}]
Session ID: cd24c99240a27b954d8f81d8785d44e6
*** Element info: {Using=id, value=}
Command duration or timeout: 30.39 seconds
For documentation on this error, please visit: http://seleniumhq.org/exceptions/no_such_element.html
Build info: version: &apos;2.47.1&apos;, revision: &apos;411b314&apos;, time: &apos;2015-07-30 03:03:16&apos;
System info: host: &apos;HP&apos;, ip: &apos;192.168.1.35&apos;, os.name: &apos;Windows 8.1&apos;, os.arch: &apos;amd64&apos;, os.version: &apos;6.3&apos;, java.version: &apos;1.8.0_65&apos;
Driver info: org.openqa.selenium.remote.RemoteWebDriver
Capabilities [{applicationCacheEnabled=false, rotatable=false, mobileEmulationEnabled=false, chrome={userDataDir=C:\Users\KSPL08\AppData\Local\Temp\scoped_dir2964_32700}, takesHeapSnapshot=true, databaseEnabled=false, handlesAlerts=true, hasTouchScreen=false, version=46.0.2490.86, platform=WIN8_1, browserConnectionEnabled=false, nativeEvents=true, acceptSslCerts=true, webdriver.remote.sessionid=9863731c-a091-4d92-97fe-dc38b19c7ead, locationContextEnabled=true, webStorageEnabled=true, browserName=chrome, takesScreenshot=true, javascriptEnabled=true, cssSelectorsEnabled=true}]
Session ID: 9863731c-a091-4d92-97fe-dc38b19c7ead
*** Element info: {Using=id, value=}
	at sun.reflect.NativeConstructorAccessorImpl.newInstance0(Native Method)
	at sun.reflect.NativeConstructorAccessorImpl.newInstance(Unknown Source)
	at sun.reflect.DelegatingConstructorAccessorImpl.newInstance(Unknown Source)
	at java.lang.reflect.Constructor.newInstance(Unknown Source)
	at org.openqa.selenium.remote.ErrorHandler.createThrowable(ErrorHandler.java:206)
	at org.openqa.selenium.remote.ErrorHandler.throwIfResponseFailed(ErrorHandler.java:158)
	at org.openqa.selenium.remote.RemoteWebDriver.execute(RemoteWebDriver.java:595)
	at org.openqa.selenium.remote.RemoteWebDriver.findElement(RemoteWebDriver.java:348)
	at org.openqa.selenium.remote.RemoteWebDriver.findElementById(RemoteWebDriver.java:389)
	at org.openqa.selenium.By$ById.findElement(By.java:215)
	at org.openqa.selenium.remote.RemoteWebDriver.findElement(RemoteWebDriver.java:340)
	at org.openqa.selenium.support.pagefactory.DefaultElementLocator.findElement(DefaultElementLocator.java:69)
	at org.openqa.selenium.support.pagefactory.AjaxElementLocator.access$0(AjaxElementLocator.java:1)
	at org.openqa.selenium.support.pagefactory.AjaxElementLocator$SlowLoadingElement.isLoaded(AjaxElementLocator.java:157)
	at org.openqa.selenium.support.ui.SlowLoadableComponent.get(SlowLoadableComponent.java:70)
	at org.openqa.selenium.support.pagefactory.AjaxElementLocator.findElement(AjaxElementLocator.java:87)
	... 28 more
Caused by: org.openqa.selenium.remote.ScreenshotException: Screen shot has been taken
Build info: version: &apos;2.47.1&apos;, revision: &apos;411b314&apos;, time: &apos;2015-07-30 03:03:16&apos;
System info: host: &apos;HP&apos;, ip: &apos;192.168.1.35&apos;, os.name: &apos;Windows 8.1&apos;, os.arch: &apos;amd64&apos;, os.version: &apos;6.3&apos;, java.version: &apos;1.8.0_65&apos;
Driver info: driver.version: RemoteWebDriver
	at org.openqa.selenium.remote.ErrorHandler.throwIfResponseFailed(ErrorHandler.java:138)
	... 38 more
Caused by: org.openqa.selenium.NoSuchElementException: no such element: Unable to locate element: {&quot;method&quot;:&quot;id&quot;,&quot;selector&quot;:&quot;&quot;}
  (Session info: chrome=46.0.2490.86)
  (Driver info: chromedriver=2.20.353145 (343b531d31eeb933ec778dbcf7081628a1396067),platform=Windows NT 6.3 x86_64) (WARNING: The server did not provide any stacktrace information)
Command duration or timeout: 30.05 seconds
For documentation on this error, please visit: http://seleniumhq.org/exceptions/no_such_element.html
Build info: version: &apos;2.47.1&apos;, revision: &apos;411b314&apos;, time: &apos;2015-07-30 03:03:16&apos;
System info: host: &apos;HP&apos;, ip: &apos;192.168.1.35&apos;, os.name: &apos;Windows 8.1&apos;, os.arch: &apos;amd64&apos;, os.version: &apos;6.3&apos;, java.version: &apos;1.8.0_65&apos;
Driver info: org.openqa.selenium.chrome.ChromeDriver
Capabilities [{applicationCacheEnabled=false, rotatable=false, mobileEmulationEnabled=false, chrome={userDataDir=C:\Users\KSPL08\AppData\Local\Temp\scoped_dir2964_32700}, takesHeapSnapshot=true, databaseEnabled=false, handlesAlerts=true, hasTouchScreen=false, version=46.0.2490.86, platform=WIN8_1, browserConnectionEnabled=false, nativeEvents=true, acceptSslCerts=true, locationContextEnabled=true, webStorageEnabled=true, browserName=chrome, takesScreenshot=true, javascriptEnabled=true, cssSelectorsEnabled=true}]
Session ID: cd24c99240a27b954d8f81d8785d44e6
*** Element info: {Using=id, value=}
For documentation on this error, please visit: http://seleniumhq.org/exceptions/no_such_element.html
Build info: version: &apos;2.47.1&apos;, revision: &apos;411b314&apos;, time: &apos;2015-07-30 03:03:16&apos;
System info: host: &apos;HP&apos;, ip: &apos;192.168.1.35&apos;, os.name: &apos;Windows 8.1&apos;, os.arch: &apos;amd64&apos;, os.version: &apos;6.3&apos;, java.version: &apos;1.8.0_65&apos;
Driver info: driver.version: EventFiringWebDriver
	at sun.reflect.NativeConstructorAccessorImpl.newInstance0(Native Method)
	at sun.reflect.NativeConstructorAccessorImpl.newInstance(Unknown Source)
	at sun.reflect.DelegatingConstructorAccessorImpl.newInstance(Unknown Source)
	at java.lang.reflect.Constructor.newInstance(Unknown Source)
	at org.openqa.selenium.remote.ErrorHandler.createThrowable(ErrorHandler.java:206)
	at org.openqa.selenium.remote.ErrorHandler.throwIfResponseFailed(ErrorHandler.java:158)
	at org.openqa.selenium.remote.RemoteWebDriver.execute(RemoteWebDriver.java:595)
	at org.openqa.selenium.remote.RemoteWebDriver.findElement(RemoteWebDriver.java:348)
	at org.openqa.selenium.remote.RemoteWebDriver.findElementById(RemoteWebDriver.java:389)
	at org.openqa.selenium.By$ById.findElement(By.java:215)
	at org.openqa.selenium.remote.RemoteWebDriver.findElement(RemoteWebDriver.java:340)
	at sun.reflect.GeneratedMethodAccessor9.invoke(Unknown Source)
	at sun.reflect.DelegatingMethodAccessorImpl.invoke(Unknown Source)
	at java.lang.reflect.Method.invoke(Unknown Source)
	at org.openqa.selenium.support.events.EventFiringWebDriver$2.invoke(EventFiringWebDriver.java:102)
	at com.sun.proxy.$Proxy1.findElement(Unknown Source)
	at org.openqa.selenium.support.events.EventFiringWebDriver.findElement(EventFiringWebDriver.java:185)
	at org.openqa.selenium.remote.server.handler.FindElement.call(FindElement.java:48)
	at org.openqa.selenium.remote.server.handler.FindElement.call(FindElement.java:1)
	at java.util.concurrent.FutureTask.run(Unknown Source)
	at org.openqa.selenium.remote.server.DefaultSession$1.run(DefaultSession.java:176)
	at java.util.concurrent.ThreadPoolExecutor.runWorker(Unknown Source)
	at java.util.concurrent.ThreadPoolExecutor$Worker.run(Unknown Source)
	at java.lang.Thread.run(Unknown Source)

</div> <!-- stack-trace -->
                </div> <!-- method-content -->
              </div> <!-- method -->
            </div> <!-- main-panel-content rounded-window-bottom -->
          </div> <!-- suite-ZingHr_-_Time_and_Attendance_Setup-class-failed -->
        </div> <!-- panel ZingHr_-_Time_and_Attendance_Setup -->
        <div panel-name="test-xml-ZingHr_-_Time_and_Attendance_Setup" class="panel">
          <div class="main-panel-header rounded-window-top">
            <span class="header-content">C:\Users\KSPL08\git\ZINGHR-Automation-Project\Build\TimeAndAttendanceSettingIndexSuit.xml</span>
          </div> <!-- main-panel-header rounded-window-top -->
          <div class="main-panel-content rounded-window-bottom">
            <pre>
&lt;?xml version=&quot;1.0&quot; encoding=&quot;UTF-8&quot;?&gt;
&lt;!DOCTYPE suite SYSTEM &quot;http://testng.org/testng-1.0.dtd&quot;&gt;
&lt;suite thread-count=&quot;1&quot; verbose=&quot;10&quot; name=&quot;ZingHr - Time and Attendance Setup&quot;&gt;
  &lt;parameter name=&quot;selenium.port&quot; value=&quot;4444&quot;/&gt;
  &lt;parameter name=&quot;selenium.host&quot; value=&quot;localhost&quot;/&gt;
  &lt;parameter name=&quot;selenium.browser&quot; value=&quot;chrome&quot;/&gt;
  &lt;parameter name=&quot;selenium.url&quot; value=&quot;http://automation.zinghr.com/2015/pages/authentication/login.aspx&quot;/&gt;
  &lt;listeners&gt;
    &lt;listener class-name=&quot;com.zinghr.utility.CustomReporter&quot;/&gt;
  &lt;/listeners&gt;
  &lt;test name=&quot;Setup_23: To verify if If the Manager Marking is selected then the system should allow to mark the attendance through OAS.&quot;&gt;
    &lt;classes&gt;
      &lt;class name=&quot;com.zinghr.tna.index.SettingsTimeAttendanceSetupIndex&quot;&gt;
        &lt;methods&gt;
          &lt;include name=&quot;markingManagerChecked&quot;/&gt;
        &lt;/methods&gt;
      &lt;/class&gt; &lt;!-- com.zinghr.tna.index.SettingsTimeAttendanceSetupIndex --&gt;
    &lt;/classes&gt;
  &lt;/test&gt; &lt;!-- Setup_23: To verify if If the Manager Marking is selected then the system should allow to mark the attendance through OAS. --&gt;
&lt;/suite&gt; &lt;!-- ZingHr - Time and Attendance Setup --&gt;
            </pre>
          </div> <!-- main-panel-content rounded-window-bottom -->
        </div> <!-- panel -->
        <div panel-name="testlist-ZingHr_-_Time_and_Attendance_Setup" class="panel">
          <div class="main-panel-header rounded-window-top">
            <span class="header-content">Tests for ZingHr - Time and Attendance Setup</span>
          </div> <!-- main-panel-header rounded-window-top -->
          <div class="main-panel-content rounded-window-bottom">
            <ul>
              <li>
                <span class="test-name">Setup_23: To verify if If the Manager Marking is selected then the system should allow to mark the attendance through OAS. (1 class)</span>
              </li>
            </ul>
          </div> <!-- main-panel-content rounded-window-bottom -->
        </div> <!-- panel -->
        <div panel-name="group-ZingHr_-_Time_and_Attendance_Setup" class="panel">
          <div class="main-panel-header rounded-window-top">
            <span class="header-content">Groups for ZingHr - Time and Attendance Setup</span>
          </div> <!-- main-panel-header rounded-window-top -->
          <div class="main-panel-content rounded-window-bottom">
          </div> <!-- main-panel-content rounded-window-bottom -->
        </div> <!-- panel -->
        <div panel-name="times-ZingHr_-_Time_and_Attendance_Setup" class="panel">
          <div class="main-panel-header rounded-window-top">
            <span class="header-content">Times for ZingHr - Time and Attendance Setup</span>
          </div> <!-- main-panel-header rounded-window-top -->
          <div class="main-panel-content rounded-window-bottom">
            <div class="times-div">
              <script type="text/javascript">
suiteTableInitFunctions.push('tableData_ZingHr_-_Time_and_Attendance_Setup');
function tableData_ZingHr_-_Time_and_Attendance_Setup() {
var data = new google.visualization.DataTable();
data.addColumn('number', 'Number');
data.addColumn('string', 'Method');
data.addColumn('string', 'Class');
data.addColumn('number', 'Time (ms)');
data.addRows(1);
data.setCell(0, 0, 0)
data.setCell(0, 1, 'markingManagerChecked')
data.setCell(0, 2, 'com.zinghr.tna.index.SettingsTimeAttendanceSetupIndex')
data.setCell(0, 3, 140569);
window.suiteTableData['ZingHr_-_Time_and_Attendance_Setup']= { tableData: data, tableDiv: 'times-div-ZingHr_-_Time_and_Attendance_Setup'}
return data;
}
              </script>
              <span class="suite-total-time">Total running time: 2 minutes</span>
              <div id="times-div-ZingHr_-_Time_and_Attendance_Setup">
              </div> <!-- times-div-ZingHr_-_Time_and_Attendance_Setup -->
            </div> <!-- times-div -->
          </div> <!-- main-panel-content rounded-window-bottom -->
        </div> <!-- panel -->
        <div panel-name="reporter-ZingHr_-_Time_and_Attendance_Setup" class="panel">
          <div class="main-panel-header rounded-window-top">
            <span class="header-content">Reporter output for ZingHr - Time and Attendance Setup</span>
          </div> <!-- main-panel-header rounded-window-top -->
          <div class="main-panel-content rounded-window-bottom">
            <div class="reporter-method-div">
              <span class="reporter-method-name">markingManagerChecked</span>
              <div class="reporter-method-output-div">
                <span class="reporter-method-output"><br></br>Testcase Id :Setup_23  </span>
                <span class="reporter-method-output"><br></br>Testcase Discription :  </span>
                <span class="reporter-method-output"><br></br>Step 1 : Open url:<a>http://automation.zinghr.com/2015/pages/authentication/login.aspx</a></span>
                <span class="reporter-method-output"><br></br>Step 2: Enter Company Code:TESTQA</span>
                <span class="reporter-method-output"><br></br>Step 3: Enter Employee Code: Admin</span>
                <span class="reporter-method-output"><br></br>Step 4: Enter Password: Baps@200</span>
                <span class="reporter-method-output"><br></br>Step 5: Click on Proceed Button</span>
                <span class="reporter-method-output"><br></br>Step 6: Click on Setting Icon</span>
                <span class="reporter-method-output"><br></br>Step 7: Click on Time and attendence option from Circle</span>
                <span class="reporter-method-output"><br></br>Step 8: Select 'SET MY ATTENDANCE' option.</span>
                <span class="reporter-method-output"><br></br>Step 9: Check 'Common' group.</span>
                <span class="reporter-method-output"><br></br>Step 10: Check 'Marking Manager' option.</span>
                <span class="reporter-method-output"><br> <b>Please look to the screenshot - </b></span>
                <span class="reporter-method-output"><br><Strong><font color=#FF0000>--Failed</font></strong></span>
                <span class="reporter-method-output"><a href='../test-output/screenshots/1124163017232markingManagerChecked.png' target='_new'>1124163017232markingManagerChecked.png</a></span>
                <span class="reporter-method-output"><br></br><h3>Failure Reason:</h3></span>
                <span class="reporter-method-output"><br></br>org.openqa.selenium.NoSuchElementException: Timed out after 15 seconds. Unable to locate the element</span>
              </div> <!-- reporter-method-output-div -->
            </div> <!-- reporter-method-div -->
          </div> <!-- main-panel-content rounded-window-bottom -->
        </div> <!-- panel -->
        <div panel-name="ignored-methods-ZingHr_-_Time_and_Attendance_Setup" class="panel">
          <div class="main-panel-header rounded-window-top">
            <span class="header-content">10 ignored methods</span>
          </div> <!-- main-panel-header rounded-window-top -->
          <div class="main-panel-content rounded-window-bottom">
            <div class="ignored-class-div">
              <span class="ignored-class-name">com.zinghr.tna.index.SettingsTimeAttendanceSetupIndex</span>
              <div class="ignored-methods-div">
                <span class="ignored-method-name">shiftRosteringYesButtonFunctionality</span>
                <br/>
                <span class="ignored-method-name">addNewAttendanceGroupTapFunctionality</span>
                <br/>
                <span class="ignored-method-name">timeAndAttendancePage</span>
                <br/>
                <span class="ignored-method-name">shiftRosteringManadatoryFieldFunctionality</span>
                <br/>
                <span class="ignored-method-name">selectfollowShiftRostering</span>
                <br/>
                <span class="ignored-method-name">shiftRosteringNoButtonFunctionality</span>
                <br/>
                <span class="ignored-method-name">secondBlockOfQuestionSecFunctionality</span>
                <br/>
                <span class="ignored-method-name">thirdBlockOfQuestionSecFunctionality</span>
                <br/>
                <span class="ignored-method-name">firstBlockOFQuestionSecFunctionality</span>
                <br/>
                <span class="ignored-method-name">addedGroupVerifiaction</span>
                <br/>
              </div> <!-- ignored-methods-div -->
            </div> <!-- ignored-class-div -->
          </div> <!-- main-panel-content rounded-window-bottom -->
        </div> <!-- panel -->
        <div panel-name="chronological-ZingHr_-_Time_and_Attendance_Setup" class="panel">
          <div class="main-panel-header rounded-window-top">
            <span class="header-content">Methods in chronological order</span>
          </div> <!-- main-panel-header rounded-window-top -->
          <div class="main-panel-content rounded-window-bottom">
            <div class="chronological-class">
              <div class="chronological-class-name">com.zinghr.tna.index.SettingsTimeAttendanceSetupIndex</div> <!-- chronological-class-name -->
              <div class="configuration-test before">
                <span class="method-name">fetchSuiteConfiguration(org.testng.TestRunner@576d5deb)</span>
                <span class="method-start">0 ms</span>
              </div> <!-- configuration-test before -->
              <div class="configuration-method before">
                <span class="method-name">setUp(public void com.zinghr.tna.index.SettingsTimeAttendanceSetupIndex.markingManagerChecked(), org.testn...)</span>
                <span class="method-start">26 ms</span>
              </div> <!-- configuration-method before -->
              <div class="test-method">
                <img src="failed.png">
                </img>
                <span class="method-name">markingManagerChecked</span>
                <span class="method-start">6659 ms</span>
              </div> <!-- test-method -->
              <div class="configuration-method after">
                <span class="method-name">tearDown([TestResult name=markingManagerChecked status=FAILURE method=SettingsTimeAttendanceSetupIndex.markin...)</span>
                <span class="method-start">147238 ms</span>
              </div> <!-- configuration-method after -->
          </div> <!-- main-panel-content rounded-window-bottom -->
        </div> <!-- panel -->
      </div> <!-- main-panel-root -->
    </div> <!-- wrapper -->
  </body>
</html>
