    <!DOCTYPE html>
  <html>
<head>
<meta charset=UTF-8>
<title>KIWIQA</title>
<meta
content='width=device-width, initial-scale=1, maximum-scale=1, user-scalable=no'
	name='viewport'>
<link href='bootstrap.min.css' rel='stylesheet'
	type='text/css' />
<link
n	href=https:'//maxcdn.bootstrapcdn.com/font-awesome/4.3.0/css/font-awesome.min.css'
	rel=stylesheet type=text/css />
<link
	href='https://code.ionicframework.com/ionicons/2.0.1/css/ionicons.min.css'
	rel=stylesheet type=text/css />
<link href='AdminLTE.min.css' rel=stylesheet type=text/css />
<link href='_all-skins.min.css' rel=stylesheet
	type=text/css />
<link
	href='https://maxcdn.bootstrapcdn.com/font-awesome/4.3.0/css/font-awesome.min.css'
	rel=stylesheet type=text/css />
<link
	href='https://code.ionicframework.com/ionicons/2.0.1/css/ionicons.min.css'
	rel=stylesheet type=text/css />
</head> 
   <body class='skin-blue sidebar-mini'  style='background-color: white;'>
 <div class='wrapper'> 
	<header class=main-header> 	<a href='index.html' class='logo'> <span class='logo-mini'><b></b></span>	<span class='logo-lg'><b>KIWIQA </b>REPORTS</span>		</a>  	<nav class='navbar navbar-static-top' > 		<h4> 	<a href='index.html' style='font-size:25px   ; color: white; margin-left: 70px ;'> Dashboard</a> <a href='data.html' style='font-size:25px   ; color: white; margin-left: 70px ;'> Suites Details</a>	</h4> 		</nav>	</header></br></br>	<div class='box box-info'> 			<div class='box-header with-border'>			<h3 class='box-title'>			Suite Name :  ZingHr - SignUp Page Verification </h3>				<div class='box-tools pull-right'>					<button class='btn btn-box-tool' data-widget='collapse'>						<i class='fa fa-minus'></i>					</button>				</div>			</div>			<div class='box-body' style='width: 500'> <div class='content-wrapper'><section class='content-header'>
		<div class=row>
			<div class='col-lg-3 col-xs-6'>
				<div class='small-box bg-aqua'>
					<div class='inner'>
<h3>DURATION</h3>
						<p>134.804</p>
					</div>
					<div class='icon'></div>
				</div>
			</div>
			<div class='col-lg-3 col-xs-6'>
				<div class='small-box bg-green'>
					<div class='inner'>
						<h3>STARTED-AT</h3>
						<p>2015-12-04T09:51:39Z</p>
					</div>
					<div class='icon'></div>
				</div>
			</div>
			<div class='col-lg-3 col-xs-6'>
				<div class='small-box bg-yellow'>
					<div class='inner'>
						<h3>FINISHED-AT</h3>
						<p>2015-12-04T09:53:54Z</p>
					</div>
					<div class='icon'></div>
				</div>
			</div>
			<div class='col-lg-3 col-xs-6'></div>
		<!-- ./col --> 
	</div>
	</section><section class='content'> 
	<div class='row'> 
		<div class='col-xs-12'>
<div class='box box-danger collapsed-box'> 	<div class='box-header  with-border'><h3 class='box-title'>TEST NAME : <b> <font color='red'>A_SU_12: To verify that Password field do not accept blank data.</B></font> </h3> 	<div class='box-tools pull-right'>					<button class='btn btn-box-tool' data-widget='collapse'>						<i class='fa fa-plus'></i>					</button>				</div>	</div> 			<div class='box-body' style='width: 500'>	<div class='box-body'> 	<table id='example1' class='table table-bordered table-striped'> 	<thead>	<tr>  <th>Status</th>			<th>Duration</th>			<th>Started-at</th>			<th>Finished-at</th></tr>	</thead>	<tbody>   	<tr><td >   <font color='red'><b>   FAIL </b></font></td>		    <td>    134</td>		        <td>2015-12-04T09:51:39Z</td>          <td>2015-12-04T09:53:54Z</td>	</tr></tbody></table> </div>	<div class='box-body'> 	<table id='example1' class='table table-bordered table-striped'> 	<thead>	<tr>  <th>Message</th>  <th>Exception</th></tr>	</thead>	<tbody>   	<tr>		    <td>
              Timed out after 15 seconds. Unable to locate the element
For documentation on this error, please visit: http://seleniumhq.org/exceptions/no_such_element.html
Build info: version: '2.47.1', revision: 'unknown', time: '2015-07-30 11:02:44'
System info: host: 'HP', ip: '192.168.1.35', os.name: 'Windows 8.1', os.arch: 'amd64', os.version: '6.3', java.version: '1.8.0_60'
Driver info: driver.version: RemoteWebDriver
            </td>	    <td>
              org.openqa.selenium.NoSuchElementException: Timed out after 15 seconds. Unable to locate the element
For documentation on this error, please visit: http://seleniumhq.org/exceptions/no_such_element.html
Build info: version: '2.47.1', revision: 'unknown', time: '2015-07-30 11:02:44'
System info: host: 'HP', ip: '192.168.1.35', os.name: 'Windows 8.1', os.arch: 'amd64', os.version: '6.3', java.version: '1.8.0_60'
Driver info: driver.version: RemoteWebDriver
	at org.openqa.selenium.support.pagefactory.AjaxElementLocator.findElement(AjaxElementLocator.java:89)
	at org.openqa.selenium.support.pagefactory.internal.LocatingElementHandler.invoke(LocatingElementHandler.java:38)
	at com.sun.proxy.$Proxy8.getWrappedElement(Unknown Source)
	at org.openqa.selenium.remote.internal.WebElementToJsonConverter.apply(WebElementToJsonConverter.java:49)
	at com.google.common.collect.Iterators$8.transform(Iterators.java:794)
	at com.google.common.collect.TransformedIterator.next(TransformedIterator.java:48)
	at com.google.common.collect.Iterators.addAll(Iterators.java:357)
	at com.google.common.collect.Lists.newArrayList(Lists.java:147)
	at com.google.common.collect.Lists.newArrayList(Lists.java:129)
	at org.openqa.selenium.remote.RemoteWebDriver.executeScript(RemoteWebDriver.java:500)
	at com.zinghr.init.Common.highlightElement(Common.java:939)
	at com.zinghr.init.Common.clickOn(Common.java:528)
	at com.zinghr.signup.indexPage.SignupIndexPage.selectOthercountry(SignupIndexPage.java:147)
	at com.zinghr.signup.indexPage.SignupIndexPage.blankPassword(SignupIndexPage.java:728)
	at com.zinghr.signup.index.SignupIndex.enterBlankPassword(SignupIndex.java:880)
	at sun.reflect.NativeMethodAccessorImpl.invoke0(Native Method)
	at sun.reflect.NativeMethodAccessorImpl.invoke(NativeMethodAccessorImpl.java:62)
	at sun.reflect.DelegatingMethodAccessorImpl.invoke(DelegatingMethodAccessorImpl.java:43)
	at java.lang.reflect.Method.invoke(Method.java:497)
	at org.testng.internal.MethodInvocationHelper.invokeMethod(MethodInvocationHelper.java:84)
	at org.testng.internal.Invoker.invokeMethod(Invoker.java:714)
	at org.testng.internal.Invoker.invokeTestMethod(Invoker.java:901)
	at org.testng.internal.Invoker.invokeTestMethods(Invoker.java:1231)
	at org.testng.internal.TestMethodWorker.invokeTestMethods(TestMethodWorker.java:127)
	at org.testng.internal.TestMethodWorker.run(TestMethodWorker.java:111)
	at org.testng.TestRunner.privateRun(TestRunner.java:767)
	at org.testng.TestRunner.run(TestRunner.java:617)
	at org.testng.SuiteRunner.runTest(SuiteRunner.java:348)
	at org.testng.SuiteRunner.runSequentially(SuiteRunner.java:343)
	at org.testng.SuiteRunner.privateRun(SuiteRunner.java:305)
	at org.testng.SuiteRunner.run(SuiteRunner.java:254)
	at org.testng.SuiteRunnerWorker.runSuite(SuiteRunnerWorker.java:52)
	at org.testng.SuiteRunnerWorker.run(SuiteRunnerWorker.java:86)
	at org.testng.TestNG.runSuitesSequentially(TestNG.java:1224)
	at org.testng.TestNG.runSuitesLocally(TestNG.java:1149)
	at org.testng.TestNG.run(TestNG.java:1057)
	at org.apache.maven.surefire.testng.TestNGExecutor.run(TestNGExecutor.java:293)
	at org.apache.maven.surefire.testng.TestNGXmlTestSuite.execute(TestNGXmlTestSuite.java:84)
	at org.apache.maven.surefire.testng.TestNGProvider.invoke(TestNGProvider.java:91)
	at org.apache.maven.surefire.booter.ForkedBooter.invokeProviderInSameClassLoader(ForkedBooter.java:200)
	at org.apache.maven.surefire.booter.ForkedBooter.runSuitesInProcess(ForkedBooter.java:153)
	at org.apache.maven.surefire.booter.ForkedBooter.main(ForkedBooter.java:103)
Caused by: org.openqa.selenium.NoSuchElementException: Unable to locate element: {"method":"xpath","selector":".//div[@id='countries_msdd']"}
For documentation on this error, please visit: http://seleniumhq.org/exceptions/no_such_element.html
Build info: version: '2.47.1', revision: '411b314', time: '2015-07-30 03:03:16'
System info: host: 'HP', ip: '192.168.1.35', os.name: 'Windows 8.1', os.arch: 'amd64', os.version: '6.3', java.version: '1.8.0_65'
Driver info: driver.version: unknown
Command duration or timeout: 42.76 seconds
For documentation on this error, please visit: http://seleniumhq.org/exceptions/no_such_element.html
Build info: version: '2.47.1', revision: 'unknown', time: '2015-07-30 11:02:44'
System info: host: 'HP', ip: '192.168.1.35', os.name: 'Windows 8.1', os.arch: 'amd64', os.version: '6.3', java.version: '1.8.0_60'
Driver info: org.openqa.selenium.remote.RemoteWebDriver
Capabilities [{applicationCacheEnabled=true, rotatable=false, handlesAlerts=true, databaseEnabled=true, version=42.0, platform=WINDOWS, nativeEvents=false, acceptSslCerts=true, webdriver.remote.sessionid=8786da98-2f1c-4c3b-bec3-c4f8c6e6e805, webStorageEnabled=true, locationContextEnabled=true, browserName=firefox, takesScreenshot=true, javascriptEnabled=true, cssSelectorsEnabled=true}]
Session ID: 8786da98-2f1c-4c3b-bec3-c4f8c6e6e805
*** Element info: {Using=xpath, value=.//div[@id='countries_msdd']}
	at sun.reflect.NativeConstructorAccessorImpl.newInstance0(Native Method)
	at sun.reflect.NativeConstructorAccessorImpl.newInstance(NativeConstructorAccessorImpl.java:62)
	at sun.reflect.DelegatingConstructorAccessorImpl.newInstance(DelegatingConstructorAccessorImpl.java:45)
	at java.lang.reflect.Constructor.newInstance(Constructor.java:422)
	at org.openqa.selenium.remote.ErrorHandler.createThrowable(ErrorHandler.java:206)
	at org.openqa.selenium.remote.ErrorHandler.throwIfResponseFailed(ErrorHandler.java:158)
	at org.openqa.selenium.remote.RemoteWebDriver.execute(RemoteWebDriver.java:595)
	at org.openqa.selenium.remote.RemoteWebDriver.findElement(RemoteWebDriver.java:348)
	at org.openqa.selenium.remote.RemoteWebDriver.findElementByXPath(RemoteWebDriver.java:445)
	at org.openqa.selenium.By$ByXPath.findElement(By.java:358)
	at org.openqa.selenium.remote.RemoteWebDriver.findElement(RemoteWebDriver.java:340)
	at org.openqa.selenium.support.pagefactory.DefaultElementLocator.findElement(DefaultElementLocator.java:69)
	at org.openqa.selenium.support.pagefactory.AjaxElementLocator.access$001(AjaxElementLocator.java:41)
	at org.openqa.selenium.support.pagefactory.AjaxElementLocator$SlowLoadingElement.isLoaded(AjaxElementLocator.java:157)
	at org.openqa.selenium.support.ui.SlowLoadableComponent.get(SlowLoadableComponent.java:70)
	at org.openqa.selenium.support.pagefactory.AjaxElementLocator.findElement(AjaxElementLocator.java:87)
	... 41 more
Caused by: org.openqa.selenium.remote.ScreenshotException: Screen shot has been taken
Build info: version: '2.47.1', revision: 'unknown', time: '2015-07-30 11:02:44'
System info: host: 'HP', ip: '192.168.1.35', os.name: 'Windows 8.1', os.arch: 'amd64', os.version: '6.3', java.version: '1.8.0_60'
Driver info: driver.version: RemoteWebDriver
	at org.openqa.selenium.remote.ErrorHandler.throwIfResponseFailed(ErrorHandler.java:138)
	... 51 more
Caused by: org.openqa.selenium.NoSuchElementException: Unable to locate element: {"method":"xpath","selector":".//div[@id='countries_msdd']"}
For documentation on this error, please visit: http://seleniumhq.org/exceptions/no_such_element.html
Build info: version: '2.47.1', revision: '411b314', time: '2015-07-30 03:03:16'
System info: host: 'HP', ip: '192.168.1.35', os.name: 'Windows 8.1', os.arch: 'amd64', os.version: '6.3', java.version: '1.8.0_65'
Driver info: driver.version: unknown
For documentation on this error, please visit: http://seleniumhq.org/exceptions/no_such_element.html
Build info: version: '2.47.1', revision: 'unknown', time: '2015-07-30 11:02:44'
System info: host: 'HP', ip: '192.168.1.35', os.name: 'Windows 8.1', os.arch: 'amd64', os.version: '6.3', java.version: '1.8.0_60'
Driver info: driver.version: unknown
	at <anonymous class>.FirefoxDriver.prototype.findElementInternal_(file:///C:/Users/KSPL08/AppData/Local/Temp/anonymous8544269435203895436webdriver-profile/extensions/fxdriver@googlecode.com/components/driver-component.js:10667)
	at <anonymous class>.fxdriver.Timer.prototype.setTimeout/<.notify(file:///C:/Users/KSPL08/AppData/Local/Temp/anonymous8544269435203895436webdriver-profile/extensions/fxdriver@googlecode.com/components/driver-component.js:623)

            </td>		</tr></tbody></table> </div><div class='box-body'> 	<table id='example1' class='table table-bordered table-striped'>		<thead>			<tr><th>STEP NO.</th>			<th>LOG STEP</th>			</tr>  </thead>  		<tbody><tr> <td> <b>METHOD NAME :  enterBlankPassword </b>  </td> </tr>	<tr> 						<td>1</td>						<td>
              <br></br>Test Case Id : A_SU_12 
             </td>					</tr> 	<tr> 						<td>2</td>						<td>
              <br></br>Testcase Discription : Click here button in email.
             </td>					</tr> 	<tr> 						<td>3</td>						<td>
              <br></br>Step 1 : Open url:<a>http://automation.zinghr.com/2015/pages/Authentication/SignUp.aspx</a>
             </td>					</tr> 	<tr> 						<td>4</td>						<td>
              <br></br>Step 2: Enter company Name: aHfk
             </td>					</tr> 	<tr> 						<td>5</td>						<td>
              <br></br>Step 3: Display Employee Name: xjkOud
             </td>					</tr> 	<tr> 						<td>6</td>						<td>
              <br></br>Step 4: Enter Email id: kiwitest1331934230@mailinator.com
             </td>					</tr> 	<tr> 						<td>7</td>						<td>
              <br></br>Step 5: Select any country
             </td>					</tr> 	<tr> 						<td>8</td>						<td>
              <br></br>Step 6: Enter Contact no: 9429186891
             </td>					</tr> 	<tr> 						<td>9</td>						<td>
              <br></br>Step 7: Click on 'Sign Up for 30 days trial' button.
             </td>					</tr> 	<tr> 						<td>10</td>						<td>
              <br></br>Step 8: Open ZingHR activation mail.
             </td>					</tr> 	<tr> 						<td>11</td>						<td>
              <br></br>Step 9: Click on 'Click Here' button in mail.
             </td>					</tr> 	<tr> 						<td>12</td>						<td>
              <br></br>Step 10: Enter Blank Password:  
             </td>					</tr> 	<tr> 						<td>13</td>						<td>
              <br> <b>Please look to the screenshot - </b>
             </td>					</tr> 	<tr> 						<td>14</td>						<td>
              <br><Strong><font color=#FF0000>--Failed</font></strong>
             </td>					</tr> 	<tr> 						<td>15</td>						<td>
              <a href='../test-output/screenshots/1204152353660enterBlankPassword.png' target='_new'>1204152353660enterBlankPassword.png</a>
             </td>					</tr> 	<tr> 						<td>16</td>						<td>
              <br></br><h3>Failure Reason:</h3>
             </td>					</tr> 	<tr> 						<td>17</td>						<td>
              <br></br>org.openqa.selenium.NoSuchElementException: Timed out after 15 seconds. Unable to locate the element
             </td>					</tr> </tbody>	</table></div> </div> </div></div> </section></div></div></div>  <footer style='background:#FFFFFF;width:100%;height:40px;position:fixed;bottom:0;left:0;'>  <div style='padding-top:10px;padding-right:10px;float:right;'>   <b>Version</b> 2.0 </div> <div style='padding-top:10px;padding-left:10px'><strong >Copyright &copy; 2014-2015 <a>KIWIQA</a>. </strong> All rights reserved. <div> </footer>    	<div class='control-sidebar-bg'></div>	</div><script src='jQuery-2.1.4.min.js'></script>	<script src='bootstrap.min.js'		type='text/javascript'></script>	<script src='jquery.dataTables.min.js'		type='text/javascript'></script>	<script src='dataTables.bootstrap.min.js'		type='text/javascript'></script>	<script src='jquery.slimscroll.min.js'	type='text/javascript'></script>	<script src='fastclick.min.js'></script>	<script src='app.min.js' type='text/javascript'></script> 	<script src='demo.js' type='text/javascript'></script>	<script type='text/javascript'>      $(function () {       $('#example1').dataTable();        $('#example2').dataTable({         'bPaginate': true,          'bLengthChange': false,         'bFilter': false,         'bSort': true,         'bInfo': true,         'bAutoWidth': false       });     }); </script></body> </html>