<?xml version="1.0" encoding="UTF-8"?>
<!-- Generated by org.testng.reporters.JUnitXMLReporter -->
<testsuite hostname="HP" name="SU_02: SignUp Successfully and Activation page verification" tests="33" failures="0" timestamp="23 Nov 2015 09:34:56 GMT" time="227.581" errors="0">
  <testcase name="@BeforeMethod setUp" time="0.0" classname="com.zinghr.signup.index.SignupIndex">
    <failure type="org.openqa.selenium.WebDriverException" message="Unable to connect to host 127.0.0.1 on port 7055 after 45000 ms. Firefox console output:
251263	addons.xpi	WARN	Disabling foreign installed add-on wrc@avast.com in winreg-app-global
1448271251263	addons.xpi-utils	DEBUG	Make addon winreg-app-global:wrc@avast.com visible
1448271251263	DeferredSave.extensions.json	DEBUG	Save changes
1448271251263	DeferredSave.extensions.json	DEBUG	Data changed while write in progress
1448271251263	DeferredSave.extensions.json	DEBUG	Save changes
1448271251263	addons.xpi	DEBUG	Updating XPIState for {&amp;quot;id&amp;quot;:&amp;quot;wrc@avast.com&amp;quot;,&amp;quot;syncGUID&amp;quot;:&amp;quot;yMYujaP6tBSe&amp;quot;,&amp;quot;location&amp;quot;:&amp;quot;winreg-app-global&amp;quot;,&amp;quot;version&amp;quot;:&amp;quot;10.2.0.187&amp;quot;,&amp;quot;type&amp;quot;:&amp;quot;extension&amp;quot;,&amp;quot;internalName&amp;quot;:null,&amp;quot;updateURL&amp;quot;:&amp;quot;http://firefoxplugin.ff.avast.com/aos/updates.rdf?id=%ITEM_ID%&amp;amp;status=%ITEM_STATUS%&amp;amp;os=%APP_OS%&amp;quot;,&amp;quot;updateKey&amp;quot;:&amp;quot;MIGfMA0GCSqGSIb3DQEBAQUAA4GNADCBiQKBgQDc6F6CPnst0FEpMpqBguj6WJgVaJXY+5FVWXPVZc2o/tv83KHmeMBjy9z8JCerdDVHCKGOHWRO8XWEpaxhdyfsek3wABigweRHlRFNHZxFhSzqJfIbkNVmfzKF2kPjoi881h0V4EqrnGjSIPjW7E5NPM0UH14hqauQaKH66lK5LQIDAQAB&amp;quot;,&amp;quot;optionsURL&amp;quot;:null,&amp;quot;optionsType&amp;quot;:null,&amp;quot;aboutURL&amp;quot;:null,&amp;quot;iconURL&amp;quot;:&amp;quot;chrome://wrc/content/common/skin/img/icon48.png&amp;quot;,&amp;quot;icon64URL&amp;quot;:&amp;quot;chrome://wrc/content/common/skin/img/icon64.png&amp;quot;,&amp;quot;defaultLocale&amp;quot;:{&amp;quot;name&amp;quot;:&amp;quot;Avast Online Security&amp;quot;,&amp;quot;description&amp;quot;:&amp;quot;Avast Browser Security and Web Reputation Plugin. Offering protection against known phishing and malware sites, improving your browsing overall browsing experience with crowd sourced web reputation rating.&amp;quot;,&amp;quot;creator&amp;quot;:&amp;quot;AVAST Software&amp;quot;,&amp;quot;homepageURL&amp;quot;:&amp;quot;http://www.avast.com/&amp;quot;},&amp;quot;visible&amp;quot;:true,&amp;quot;active&amp;quot;:false,&amp;quot;userDisabled&amp;quot;:true,&amp;quot;appDisabled&amp;quot;:false,&amp;quot;descriptor&amp;quot;:&amp;quot;C:\\Program Files\\AVAST Software\\Avast\\WebRep\\FF&amp;quot;,&amp;quot;installDate&amp;quot;:1446074994612,&amp;quot;updateDate&amp;quot;:1446074994612,&amp;quot;applyBackgroundUpdates&amp;quot;:1,&amp;quot;bootstrap&amp;quot;:false,&amp;quot;size&amp;quot;:2179362,&amp;quot;sourceURI&amp;quot;:null,&amp;quot;releaseNotesURI&amp;quot;:null,&amp;quot;softDisabled&amp;quot;:false,&amp;quot;foreignInstall&amp;quot;:true,&amp;quot;hasBinaryComponents&amp;quot;:false,&amp;quot;strictCompatibility&amp;quot;:false,&amp;quot;locales&amp;quot;:[],&amp;quot;targetApplications&amp;quot;:[{&amp;quot;id&amp;quot;:&amp;quot;{ec8030f7-c20a-464f-9b0e-13a3a9e97384}&amp;quot;,&amp;quot;minVersion&amp;quot;:&amp;quot;3.0&amp;quot;,&amp;quot;maxVersion&amp;quot;:&amp;quot;25.0&amp;quot;}],&amp;quot;targetPlatforms&amp;quot;:[],&amp;quot;multiprocessCompatible&amp;quot;:false,&amp;quot;signedState&amp;quot;:0}
1448271251264	addons.xpi	DEBUG	Updating database with changes to installed add-ons
1448271251264	addons.xpi-utils	DEBUG	Updating add-on states
1448271251265	addons.xpi-utils	DEBUG	Writing add-ons list
1448271251271	addons.manager	DEBUG	Registering shutdown blocker for XPIProvider
1448271251271	addons.manager	DEBUG	Provider finished startup: XPIProvider
1448271251271	addons.manager	DEBUG	Starting provider: LightweightThemeManager
1448271251271	addons.manager	DEBUG	Registering shutdown blocker for LightweightThemeManager
1448271251271	addons.manager	DEBUG	Provider finished startup: LightweightThemeManager
1448271251271	addons.manager	DEBUG	Starting provider: GMPProvider
1448271251276	addons.manager	DEBUG	Registering shutdown blocker for GMPProvider
1448271251276	addons.manager	DEBUG	Provider finished startup: GMPProvider
1448271251276	addons.manager	DEBUG	Starting provider: PluginProvider
1448271251276	addons.manager	DEBUG	Registering shutdown blocker for PluginProvider
1448271251276	addons.manager	DEBUG	Provider finished startup: PluginProvider
1448271251276	addons.manager	DEBUG	Completed startup sequence
1448271252199	DeferredSave.extensions.json	DEBUG	Write succeeded
1448271252199	addons.xpi-utils	DEBUG	XPI Database saved, setting schema version preference to 17
1448271252199	DeferredSave.extensions.json	DEBUG	Starting timer
1448271252203	addons.repository	DEBUG	No addons.json found.
1448271252204	DeferredSave.addons.json	DEBUG	Save changes
1448271252205	DeferredSave.addons.json	DEBUG	Starting timer
1448271252231	addons.manager	DEBUG	Starting provider: PreviousExperimentProvider
1448271252232	addons.manager	DEBUG	Registering shutdown blocker for PreviousExperimentProvider
1448271252232	addons.manager	DEBUG	Provider finished startup: PreviousExperimentProvider
1448271252234	DeferredSave.extensions.json	DEBUG	Starting write
1448271252241	DeferredSave.extensions.json	DEBUG	Write succeeded
1448271252404	DeferredSave.addons.json	DEBUG	Starting write
1448271252411	DeferredSave.addons.json	DEBUG	Write succeeded

Command duration or timeout: 45.43 seconds
Build info: version: &amp;apos;2.47.1&amp;apos;, revision: &amp;apos;411b314&amp;apos;, time: &amp;apos;2015-07-30 03:03:16&amp;apos;
System info: host: &amp;apos;HP&amp;apos;, ip: &amp;apos;192.168.1.35&amp;apos;, os.name: &amp;apos;Windows 8.1&amp;apos;, os.arch: &amp;apos;amd64&amp;apos;, os.version: &amp;apos;6.3&amp;apos;, java.version: &amp;apos;1.8.0_65&amp;apos;
Driver info: org.openqa.selenium.remote.RemoteWebDriver">
      <![CDATA[org.openqa.selenium.WebDriverException: Unable to connect to host 127.0.0.1 on port 7055 after 45000 ms. Firefox console output:
251263	addons.xpi	WARN	Disabling foreign installed add-on wrc@avast.com in winreg-app-global
1448271251263	addons.xpi-utils	DEBUG	Make addon winreg-app-global:wrc@avast.com visible
1448271251263	DeferredSave.extensions.json	DEBUG	Save changes
1448271251263	DeferredSave.extensions.json	DEBUG	Data changed while write in progress
1448271251263	DeferredSave.extensions.json	DEBUG	Save changes
1448271251263	addons.xpi	DEBUG	Updating XPIState for {"id":"wrc@avast.com","syncGUID":"yMYujaP6tBSe","location":"winreg-app-global","version":"10.2.0.187","type":"extension","internalName":null,"updateURL":"http://firefoxplugin.ff.avast.com/aos/updates.rdf?id=%ITEM_ID%&status=%ITEM_STATUS%&os=%APP_OS%","updateKey":"MIGfMA0GCSqGSIb3DQEBAQUAA4GNADCBiQKBgQDc6F6CPnst0FEpMpqBguj6WJgVaJXY+5FVWXPVZc2o/tv83KHmeMBjy9z8JCerdDVHCKGOHWRO8XWEpaxhdyfsek3wABigweRHlRFNHZxFhSzqJfIbkNVmfzKF2kPjoi881h0V4EqrnGjSIPjW7E5NPM0UH14hqauQaKH66lK5LQIDAQAB","optionsURL":null,"optionsType":null,"aboutURL":null,"iconURL":"chrome://wrc/content/common/skin/img/icon48.png","icon64URL":"chrome://wrc/content/common/skin/img/icon64.png","defaultLocale":{"name":"Avast Online Security","description":"Avast Browser Security and Web Reputation Plugin. Offering protection against known phishing and malware sites, improving your browsing overall browsing experience with crowd sourced web reputation rating.","creator":"AVAST Software","homepageURL":"http://www.avast.com/"},"visible":true,"active":false,"userDisabled":true,"appDisabled":false,"descriptor":"C:\\Program Files\\AVAST Software\\Avast\\WebRep\\FF","installDate":1446074994612,"updateDate":1446074994612,"applyBackgroundUpdates":1,"bootstrap":false,"size":2179362,"sourceURI":null,"releaseNotesURI":null,"softDisabled":false,"foreignInstall":true,"hasBinaryComponents":false,"strictCompatibility":false,"locales":[],"targetApplications":[{"id":"{ec8030f7-c20a-464f-9b0e-13a3a9e97384}","minVersion":"3.0","maxVersion":"25.0"}],"targetPlatforms":[],"multiprocessCompatible":false,"signedState":0}
1448271251264	addons.xpi	DEBUG	Updating database with changes to installed add-ons
1448271251264	addons.xpi-utils	DEBUG	Updating add-on states
1448271251265	addons.xpi-utils	DEBUG	Writing add-ons list
1448271251271	addons.manager	DEBUG	Registering shutdown blocker for XPIProvider
1448271251271	addons.manager	DEBUG	Provider finished startup: XPIProvider
1448271251271	addons.manager	DEBUG	Starting provider: LightweightThemeManager
1448271251271	addons.manager	DEBUG	Registering shutdown blocker for LightweightThemeManager
1448271251271	addons.manager	DEBUG	Provider finished startup: LightweightThemeManager
1448271251271	addons.manager	DEBUG	Starting provider: GMPProvider
1448271251276	addons.manager	DEBUG	Registering shutdown blocker for GMPProvider
1448271251276	addons.manager	DEBUG	Provider finished startup: GMPProvider
1448271251276	addons.manager	DEBUG	Starting provider: PluginProvider
1448271251276	addons.manager	DEBUG	Registering shutdown blocker for PluginProvider
1448271251276	addons.manager	DEBUG	Provider finished startup: PluginProvider
1448271251276	addons.manager	DEBUG	Completed startup sequence
1448271252199	DeferredSave.extensions.json	DEBUG	Write succeeded
1448271252199	addons.xpi-utils	DEBUG	XPI Database saved, setting schema version preference to 17
1448271252199	DeferredSave.extensions.json	DEBUG	Starting timer
1448271252203	addons.repository	DEBUG	No addons.json found.
1448271252204	DeferredSave.addons.json	DEBUG	Save changes
1448271252205	DeferredSave.addons.json	DEBUG	Starting timer
1448271252231	addons.manager	DEBUG	Starting provider: PreviousExperimentProvider
1448271252232	addons.manager	DEBUG	Registering shutdown blocker for PreviousExperimentProvider
1448271252232	addons.manager	DEBUG	Provider finished startup: PreviousExperimentProvider
1448271252234	DeferredSave.extensions.json	DEBUG	Starting write
1448271252241	DeferredSave.extensions.json	DEBUG	Write succeeded
1448271252404	DeferredSave.addons.json	DEBUG	Starting write
1448271252411	DeferredSave.addons.json	DEBUG	Write succeeded

Command duration or timeout: 45.43 seconds
Build info: version: '2.47.1', revision: '411b314', time: '2015-07-30 03:03:16'
System info: host: 'HP', ip: '192.168.1.35', os.name: 'Windows 8.1', os.arch: 'amd64', os.version: '6.3', java.version: '1.8.0_65'
Driver info: org.openqa.selenium.remote.RemoteWebDriver
	at sun.reflect.NativeConstructorAccessorImpl.newInstance0(Native Method)
	at sun.reflect.NativeConstructorAccessorImpl.newInstance(Unknown Source)
	at sun.reflect.DelegatingConstructorAccessorImpl.newInstance(Unknown Source)
	at java.lang.reflect.Constructor.newInstance(Unknown Source)
	at org.openqa.selenium.remote.ErrorHandler.createThrowable(ErrorHandler.java:206)
	at org.openqa.selenium.remote.ErrorHandler.throwIfResponseFailed(ErrorHandler.java:158)
	at org.openqa.selenium.remote.RemoteWebDriver.execute(RemoteWebDriver.java:595)
	at org.openqa.selenium.remote.RemoteWebDriver.startSession(RemoteWebDriver.java:242)
	at org.openqa.selenium.remote.RemoteWebDriver.<init>(RemoteWebDriver.java:128)
	at org.openqa.selenium.remote.RemoteWebDriver.<init>(RemoteWebDriver.java:155)
	at com.zinghr.init.SeleniumInit.setUp(SeleniumInit.java:318)
	at sun.reflect.NativeMethodAccessorImpl.invoke0(Native Method)
	at sun.reflect.NativeMethodAccessorImpl.invoke(Unknown Source)
	at sun.reflect.DelegatingMethodAccessorImpl.invoke(Unknown Source)
	at java.lang.reflect.Method.invoke(Unknown Source)
	at org.testng.internal.MethodInvocationHelper.invokeMethod(MethodInvocationHelper.java:84)
	at org.testng.internal.Invoker.invokeConfigurationMethod(Invoker.java:564)
	at org.testng.internal.Invoker.invokeConfigurations(Invoker.java:213)
	at org.testng.internal.Invoker.invokeMethod(Invoker.java:653)
	at org.testng.internal.Invoker.invokeTestMethod(Invoker.java:901)
	at org.testng.internal.Invoker.invokeTestMethods(Invoker.java:1231)
	at org.testng.internal.TestMethodWorker.invokeTestMethods(TestMethodWorker.java:127)
	at org.testng.internal.TestMethodWorker.run(TestMethodWorker.java:111)
	at org.testng.TestRunner.privateRun(TestRunner.java:767)
	at org.testng.TestRunner.run(TestRunner.java:617)
	at org.testng.SuiteRunner.runTest(SuiteRunner.java:334)
	at org.testng.SuiteRunner.runSequentially(SuiteRunner.java:329)
	at org.testng.SuiteRunner.privateRun(SuiteRunner.java:291)
	at org.testng.SuiteRunner.run(SuiteRunner.java:240)
	at org.testng.SuiteRunnerWorker.runSuite(SuiteRunnerWorker.java:52)
	at org.testng.SuiteRunnerWorker.run(SuiteRunnerWorker.java:86)
	at org.testng.TestNG.runSuitesSequentially(TestNG.java:1224)
	at org.testng.TestNG.runSuitesLocally(TestNG.java:1149)
	at org.testng.TestNG.run(TestNG.java:1057)
	at org.testng.remote.RemoteTestNG.run(RemoteTestNG.java:111)
	at org.testng.remote.RemoteTestNG.initAndRun(RemoteTestNG.java:204)
	at org.testng.remote.RemoteTestNG.main(RemoteTestNG.java:175)
Caused by: org.openqa.selenium.remote.ErrorHandler$UnknownServerException: Unable to connect to host 127.0.0.1 on port 7055 after 45000 ms. Firefox console output:
251263	addons.xpi	WARN	Disabling foreign installed add-on wrc@avast.com in winreg-app-global
1448271251263	addons.xpi-utils	DEBUG	Make addon winreg-app-global:wrc@avast.com visible
1448271251263	DeferredSave.extensions.json	DEBUG	Save changes
1448271251263	DeferredSave.extensions.json	DEBUG	Data changed while write in progress
1448271251263	DeferredSave.extensions.json	DEBUG	Save changes
1448271251263	addons.xpi	DEBUG	Updating XPIState for {"id":"wrc@avast.com","syncGUID":"yMYujaP6tBSe","location":"winreg-app-global","version":"10.2.0.187","type":"extension","internalName":null,"updateURL":"http://firefoxplugin.ff.avast.com/aos/updates.rdf?id=%ITEM_ID%&status=%ITEM_STATUS%&os=%APP_OS%","updateKey":"MIGfMA0GCSqGSIb3DQEBAQUAA4GNADCBiQKBgQDc6F6CPnst0FEpMpqBguj6WJgVaJXY+5FVWXPVZc2o/tv83KHmeMBjy9z8JCerdDVHCKGOHWRO8XWEpaxhdyfsek3wABigweRHlRFNHZxFhSzqJfIbkNVmfzKF2kPjoi881h0V4EqrnGjSIPjW7E5NPM0UH14hqauQaKH66lK5LQIDAQAB","optionsURL":null,"optionsType":null,"aboutURL":null,"iconURL":"chrome://wrc/content/common/skin/img/icon48.png","icon64URL":"chrome://wrc/content/common/skin/img/icon64.png","defaultLocale":{"name":"Avast Online Security","description":"Avast Browser Security and Web Reputation Plugin. Offering protection against known phishing and malware sites, improving your browsing overall browsing experience with crowd sourced web reputation rating.","creator":"AVAST Software","homepageURL":"http://www.avast.com/"},"visible":true,"active":false,"userDisabled":true,"appDisabled":false,"descriptor":"C:\\Program Files\\AVAST Software\\Avast\\WebRep\\FF","installDate":1446074994612,"updateDate":1446074994612,"applyBackgroundUpdates":1,"bootstrap":false,"size":2179362,"sourceURI":null,"releaseNotesURI":null,"softDisabled":false,"foreignInstall":true,"hasBinaryComponents":false,"strictCompatibility":false,"locales":[],"targetApplications":[{"id":"{ec8030f7-c20a-464f-9b0e-13a3a9e97384}","minVersion":"3.0","maxVersion":"25.0"}],"targetPlatforms":[],"multiprocessCompatible":false,"signedState":0}
1448271251264	addons.xpi	DEBUG	Updating database with changes to installed add-ons
1448271251264	addons.xpi-utils	DEBUG	Updating add-on states
1448271251265	addons.xpi-utils	DEBUG	Writing add-ons list
1448271251271	addons.manager	DEBUG	Registering shutdown blocker for XPIProvider
1448271251271	addons.manager	DEBUG	Provider finished startup: XPIProvider
1448271251271	addons.manager	DEBUG	Starting provider: LightweightThemeManager
1448271251271	addons.manager	DEBUG	Registering shutdown blocker for LightweightThemeManager
1448271251271	addons.manager	DEBUG	Provider finished startup: LightweightThemeManager
1448271251271	addons.manager	DEBUG	Starting provider: GMPProvider
1448271251276	addons.manager	DEBUG	Registering shutdown blocker for GMPProvider
1448271251276	addons.manager	DEBUG	Provider finished startup: GMPProvider
1448271251276	addons.manager	DEBUG	Starting provider: PluginProvider
1448271251276	addons.manager	DEBUG	Registering shutdown blocker for PluginProvider
1448271251276	addons.manager	DEBUG	Provider finished startup: PluginProvider
1448271251276	addons.manager	DEBUG	Completed startup sequence
1448271252199	DeferredSave.extensions.json	DEBUG	Write succeeded
1448271252199	addons.xpi-utils	DEBUG	XPI Database saved, setting schema version preference to 17
1448271252199	DeferredSave.extensions.json	DEBUG	Starting timer
1448271252203	addons.repository	DEBUG	No addons.json found.
1448271252204	DeferredSave.addons.json	DEBUG	Save changes
1448271252205	DeferredSave.addons.json	DEBUG	Starting timer
1448271252231	addons.manager	DEBUG	Starting provider: PreviousExperimentProvider
1448271252232	addons.manager	DEBUG	Registering shutdown blocker for PreviousExperimentProvider
1448271252232	addons.manager	DEBUG	Provider finished startup: PreviousExperimentProvider
1448271252234	DeferredSave.extensions.json	DEBUG	Starting write
1448271252241	DeferredSave.extensions.json	DEBUG	Write succeeded
1448271252404	DeferredSave.addons.json	DEBUG	Starting write
1448271252411	DeferredSave.addons.json	DEBUG	Write succeeded

Build info: version: '2.47.1', revision: '411b314', time: '2015-07-30 03:03:16'
System info: host: 'HP', ip: '192.168.1.35', os.name: 'Windows 8.1', os.arch: 'amd64', os.version: '6.3', java.version: '1.8.0_65'
Driver info: driver.version: FirefoxDriver
	at org.openqa.selenium.firefox.internal.NewProfileExtensionConnection.start(NewProfileExtensionConnection.java:120)
	at org.openqa.selenium.firefox.FirefoxDriver.startClient(FirefoxDriver.java:275)
	at org.openqa.selenium.remote.RemoteWebDriver.<init>(RemoteWebDriver.java:116)
	at org.openqa.selenium.firefox.FirefoxDriver.<init>(FirefoxDriver.java:222)
	at org.openqa.selenium.firefox.FirefoxDriver.<init>(FirefoxDriver.java:215)
	at org.openqa.selenium.firefox.FirefoxDriver.<init>(FirefoxDriver.java:133)
	at sun.reflect.GeneratedConstructorAccessor24.newInstance(Unknown Source)
	at sun.reflect.DelegatingConstructorAccessorImpl.newInstance(Unknown Source)
	at java.lang.reflect.Constructor.newInstance(Unknown Source)
	at org.openqa.selenium.remote.server.DefaultDriverProvider.callConstructor(DefaultDriverProvider.java:85)
	at org.openqa.selenium.remote.server.DefaultDriverProvider.newInstance(DefaultDriverProvider.java:79)
	at org.openqa.selenium.remote.server.DefaultDriverFactory.newInstance(DefaultDriverFactory.java:62)
	at org.openqa.selenium.remote.server.DefaultSession$BrowserCreator.call(DefaultSession.java:222)
	at org.openqa.selenium.remote.server.DefaultSession$BrowserCreator.call(DefaultSession.java:1)
	at java.util.concurrent.FutureTask.run(Unknown Source)
	at org.openqa.selenium.remote.server.DefaultSession$1.run(DefaultSession.java:176)
	at java.util.concurrent.ThreadPoolExecutor.runWorker(Unknown Source)
	at java.util.concurrent.ThreadPoolExecutor$Worker.run(Unknown Source)
	at java.lang.Thread.run(Unknown Source)
]]>
    </failure>
  </testcase> <!-- @BeforeMethod setUp -->
  <testcase name="@BeforeMethod setUp" time="0.0" classname="com.zinghr.signup.index.SignupIndex">
    <skipped/>
  </testcase> <!-- @BeforeMethod setUp -->
  <testcase name="@BeforeMethod setUp" time="0.0" classname="com.zinghr.signup.index.SignupIndex">
    <skipped/>
  </testcase> <!-- @BeforeMethod setUp -->
  <testcase name="@BeforeMethod setUp" time="0.0" classname="com.zinghr.signup.index.SignupIndex">
    <skipped/>
  </testcase> <!-- @BeforeMethod setUp -->
  <testcase name="@BeforeMethod setUp" time="0.0" classname="com.zinghr.signup.index.SignupIndex">
    <skipped/>
  </testcase> <!-- @BeforeMethod setUp -->
  <testcase name="@BeforeMethod setUp" time="0.0" classname="com.zinghr.signup.index.SignupIndex">
    <skipped/>
  </testcase> <!-- @BeforeMethod setUp -->
  <testcase name="@BeforeMethod setUp" time="0.0" classname="com.zinghr.signup.index.SignupIndex">
    <skipped/>
  </testcase> <!-- @BeforeMethod setUp -->
  <testcase name="@BeforeMethod setUp" time="0.0" classname="com.zinghr.signup.index.SignupIndex">
    <skipped/>
  </testcase> <!-- @BeforeMethod setUp -->
  <testcase name="@BeforeMethod setUp" time="0.0" classname="com.zinghr.signup.index.SignupIndex">
    <skipped/>
  </testcase> <!-- @BeforeMethod setUp -->
  <testcase name="@BeforeMethod setUp" time="0.0" classname="com.zinghr.signup.index.SignupIndex">
    <skipped/>
  </testcase> <!-- @BeforeMethod setUp -->
  <testcase name="@BeforeMethod setUp" time="0.0" classname="com.zinghr.signup.index.SignupIndex">
    <skipped/>
  </testcase> <!-- @BeforeMethod setUp -->
  <testcase name="@BeforeMethod setUp" time="0.0" classname="com.zinghr.signup.index.SignupIndex">
    <skipped/>
  </testcase> <!-- @BeforeMethod setUp -->
  <testcase name="@BeforeMethod setUp" time="0.0" classname="com.zinghr.signup.index.SignupIndex">
    <skipped/>
  </testcase> <!-- @BeforeMethod setUp -->
  <testcase name="@BeforeMethod setUp" time="0.0" classname="com.zinghr.signup.index.SignupIndex">
    <skipped/>
  </testcase> <!-- @BeforeMethod setUp -->
  <testcase name="@BeforeMethod setUp" time="0.0" classname="com.zinghr.signup.index.SignupIndex">
    <skipped/>
  </testcase> <!-- @BeforeMethod setUp -->
  <testcase name="@BeforeMethod setUp" time="0.0" classname="com.zinghr.signup.index.SignupIndex">
    <skipped/>
  </testcase> <!-- @BeforeMethod setUp -->
  <testcase name="@BeforeMethod setUp" time="0.0" classname="com.zinghr.signup.index.SignupIndex">
    <skipped/>
  </testcase> <!-- @BeforeMethod setUp -->
  <testcase name="@BeforeMethod setUp" time="0.0" classname="com.zinghr.signup.index.SignupIndex">
    <skipped/>
  </testcase> <!-- @BeforeMethod setUp -->
  <testcase name="@BeforeMethod setUp" time="0.0" classname="com.zinghr.signup.index.SignupIndex">
    <skipped/>
  </testcase> <!-- @BeforeMethod setUp -->
  <testcase name="@BeforeMethod setUp" time="0.0" classname="com.zinghr.signup.index.SignupIndex">
    <skipped/>
  </testcase> <!-- @BeforeMethod setUp -->
  <testcase name="@BeforeMethod setUp" time="0.0" classname="com.zinghr.signup.index.SignupIndex">
    <skipped/>
  </testcase> <!-- @BeforeMethod setUp -->
  <testcase name="@BeforeMethod setUp" time="0.0" classname="com.zinghr.signup.index.SignupIndex">
    <skipped/>
  </testcase> <!-- @BeforeMethod setUp -->
  <testcase name="@BeforeMethod setUp" time="0.0" classname="com.zinghr.signup.index.SignupIndex">
    <skipped/>
  </testcase> <!-- @BeforeMethod setUp -->
  <testcase name="@BeforeMethod setUp" time="0.0" classname="com.zinghr.signup.index.SignupIndex">
    <skipped/>
  </testcase> <!-- @BeforeMethod setUp -->
  <testcase name="@BeforeMethod setUp" time="0.0" classname="com.zinghr.signup.index.SignupIndex">
    <skipped/>
  </testcase> <!-- @BeforeMethod setUp -->
  <testcase name="@BeforeMethod setUp" time="0.0" classname="com.zinghr.signup.index.SignupIndex">
    <skipped/>
  </testcase> <!-- @BeforeMethod setUp -->
  <testcase name="@BeforeMethod setUp" time="0.0" classname="com.zinghr.signup.index.SignupIndex">
    <skipped/>
  </testcase> <!-- @BeforeMethod setUp -->
  <testcase name="@BeforeMethod setUp" time="0.0" classname="com.zinghr.signup.index.SignupIndex">
    <skipped/>
  </testcase> <!-- @BeforeMethod setUp -->
  <testcase name="SignUpPage" time="1.068" classname="com.zinghr.signup.index.SignupIndex"/>
  <testcase name="companynameFieldAlphanumeric" time="21.796" classname="com.zinghr.signup.index.SignupIndex"/>
  <testcase name="companynameFieldBlank" time="21.256" classname="com.zinghr.signup.index.SignupIndex"/>
  <testcase name="companynameFieldlessthan3" time="21.32" classname="com.zinghr.signup.index.SignupIndex"/>
  <testcase name="companynameFieldEmpty" time="19.183" classname="com.zinghr.signup.index.SignupIndex"/>
  <testcase name="displaynameFieldAlphabet" time="0.001" classname="com.zinghr.signup.index.SignupIndex">
    <skipped/>
  </testcase> <!-- displaynameFieldAlphabet -->
  <testcase name="displaynameFieldInvalid" time="0.001" classname="com.zinghr.signup.index.SignupIndex">
    <skipped/>
  </testcase> <!-- displaynameFieldInvalid -->
  <testcase name="displaynameFieldBlank" time="0.001" classname="com.zinghr.signup.index.SignupIndex">
    <skipped/>
  </testcase> <!-- displaynameFieldBlank -->
  <testcase name="emailidFieldValid" time="0.001" classname="com.zinghr.signup.index.SignupIndex">
    <skipped/>
  </testcase> <!-- emailidFieldValid -->
  <testcase name="emailidFieldInvalid" time="0.001" classname="com.zinghr.signup.index.SignupIndex">
    <skipped/>
  </testcase> <!-- emailidFieldInvalid -->
  <testcase name="emailidFieldBlank" time="0.001" classname="com.zinghr.signup.index.SignupIndex">
    <skipped/>
  </testcase> <!-- emailidFieldBlank -->
  <testcase name="selectCountry" time="0.0" classname="com.zinghr.signup.index.SignupIndex">
    <skipped/>
  </testcase> <!-- selectCountry -->
  <testcase name="selectNoCountry" time="0.001" classname="com.zinghr.signup.index.SignupIndex">
    <skipped/>
  </testcase> <!-- selectNoCountry -->
  <testcase name="contactNumFieldValid" time="0.0" classname="com.zinghr.signup.index.SignupIndex">
    <skipped/>
  </testcase> <!-- contactNumFieldValid -->
  <testcase name="contactNumFieldInvalid" time="0.0" classname="com.zinghr.signup.index.SignupIndex">
    <skipped/>
  </testcase> <!-- contactNumFieldInvalid -->
  <testcase name="contactNumFieldMorethan10" time="0.0" classname="com.zinghr.signup.index.SignupIndex">
    <skipped/>
  </testcase> <!-- contactNumFieldMorethan10 -->
  <testcase name="contactNumFieldBlank" time="0.002" classname="com.zinghr.signup.index.SignupIndex">
    <skipped/>
  </testcase> <!-- contactNumFieldBlank -->
  <testcase name="termsAndprivacy" time="0.003" classname="com.zinghr.signup.index.SignupIndex">
    <skipped/>
  </testcase> <!-- termsAndprivacy -->
  <testcase name="checkbox" time="0.002" classname="com.zinghr.signup.index.SignupIndex">
    <skipped/>
  </testcase> <!-- checkbox -->
  <testcase name="activationPage" time="0.0" classname="com.zinghr.signup.index.SignupIndex">
    <skipped/>
  </testcase> <!-- activationPage -->
  <testcase name="emailverification" time="0.001" classname="com.zinghr.signup.index.SignupIndex">
    <skipped/>
  </testcase> <!-- emailverification -->
  <testcase name="emailFormat" time="0.001" classname="com.zinghr.signup.index.SignupIndex">
    <skipped/>
  </testcase> <!-- emailFormat -->
  <testcase name="emailContents" time="0.001" classname="com.zinghr.signup.index.SignupIndex">
    <skipped/>
  </testcase> <!-- emailContents -->
  <testcase name="emailClickHereBtn" time="0.0" classname="com.zinghr.signup.index.SignupIndex">
    <skipped/>
  </testcase> <!-- emailClickHereBtn -->
  <testcase name="activateTwice" time="0.0" classname="com.zinghr.signup.index.SignupIndex">
    <skipped/>
  </testcase> <!-- activateTwice -->
  <testcase name="enterPaswd" time="0.001" classname="com.zinghr.signup.index.SignupIndex">
    <skipped/>
  </testcase> <!-- enterPaswd -->
  <testcase name="enterBlankPassword" time="0.001" classname="com.zinghr.signup.index.SignupIndex">
    <skipped/>
  </testcase> <!-- enterBlankPassword -->
  <testcase name="pswdProgressStatus" time="0.0" classname="com.zinghr.signup.index.SignupIndex">
    <skipped/>
  </testcase> <!-- pswdProgressStatus -->
  <testcase name="updateAccountName" time="0.0" classname="com.zinghr.signup.index.SignupIndex">
    <skipped/>
  </testcase> <!-- updateAccountName -->
  <testcase name="activateSuccessfullyMesg" time="0.001" classname="com.zinghr.signup.index.SignupIndex">
    <skipped/>
  </testcase> <!-- activateSuccessfullyMesg -->
  <testcase name="blankPswdActCode" time="0.001" classname="com.zinghr.signup.index.SignupIndex">
    <skipped/>
  </testcase> <!-- blankPswdActCode -->
  <testcase name="activateSuccessfully" time="0.0" classname="com.zinghr.signup.index.SignupIndex">
    <skipped/>
  </testcase> <!-- activateSuccessfully -->
  <testcase name="previouslyActivateCode1" time="0.001" classname="com.zinghr.signup.index.SignupIndex">
    <skipped/>
  </testcase> <!-- previouslyActivateCode1 -->
</testsuite> <!-- SU_02: SignUp Successfully and Activation page verification -->
