<!DOCTYPE html PUBLIC "-//W3C//DTD XHTML 1.1//EN" "http://www.w3.org/TR/xhtml11/DTD/xhtml11.dtd">
<html xmlns="http://www.w3.org/1999/xhtml"><head><title>TestNG Report</title><style type="text/css">table {margin-bottom:10px;border-collapse:collapse;empty-cells:show}th,td {border:1px solid #009;padding:.25em .5em}th {vertical-align:bottom}td {vertical-align:top}table a {font-weight:bold}.stripe td {background-color: #E6EBF9}.num {text-align:right}.passedodd td {background-color: #3F3}.passedeven td {background-color: #0A0}.skippedodd td {background-color: #DDD}.skippedeven td {background-color: #CCC}.failedodd td,.attn {background-color: #F33}.failedeven td,.stripe .attn {background-color: #D00}.stacktrace {white-space:pre;font-family:monospace}.totop {font-size:85%;text-align:center;border-bottom:2px solid #000}</style></head><body><table><tr><th>Test</th><th># Passed</th><th># Skipped</th><th># Failed</th><th>Time (ms)</th><th>Included Groups</th><th>Excluded Groups</th></tr><tr><th colspan="7">ZingHr - SignUp Page Verification</th></tr><tr><td><a href="#t0">A_SU_12: To verify that Password field do not accept blank data.</a></td><td class="num">0</td><td class="num">0</td><td class="num attn">1</td><td class="num">102,504</td><td></td><td></td></tr></table><table><thead><tr><th>Class</th><th>Method</th><th>Start</th><th>Time (ms)</th></tr></thead><tbody><tr><th colspan="4">ZingHr - SignUp Page Verification</th></tr></tbody><tbody id="t0"><tr><th colspan="4">A_SU_12: To verify that Password field do not accept blank data. &#8212; failed</th></tr><tr class="failedeven"><td rowspan="1">com.zinghr.signup.index.SignupIndex</td><td><a href="#m0">enterBlankPassword</a></td><td rowspan="1">1449215133021</td><td rowspan="1">93471</td></tr></tbody></table><h2>A_SU_12: To verify that Password field do not accept blank data.</h2><h3 id="m0">com.zinghr.signup.index.SignupIndex#enterBlankPassword</h3><table class="result"><tr><th>Messages</th></tr><tr><td><div class="messages">&lt;br&gt;&lt;/br&gt;Test Case Id : A_SU_12 <br/>&lt;br&gt;&lt;/br&gt;Testcase Discription : Click here button in email.<br/>&lt;br&gt;&lt;/br&gt;Step 1 : Open url:&lt;a&gt;http://automation.zinghr.com/2015/pages/Authentication/SignUp.aspx&lt;/a&gt;<br/>&lt;br&gt;&lt;/br&gt;Step 2: Enter company Name: Dhix<br/>&lt;br&gt;&lt;/br&gt;Step 3: Display Employee Name: PVdwge<br/>&lt;br&gt;&lt;/br&gt;Step 4: Enter Email id: kiwitest1-1956130614@mailinator.com<br/>&lt;br&gt;&lt;/br&gt;Step 5: Select any country<br/>&lt;br&gt;&lt;/br&gt;Step 6: Enter Contact no: 9429186891<br/>&lt;br&gt;&lt;/br&gt;Step 7: Click on &apos;Sign Up for 30 days trial&apos; button.<br/>&lt;br&gt;&lt;/br&gt;Step 8: Open ZingHR activation mail.<br/>&lt;br&gt;&lt;/br&gt;Step 9: Click on &apos;Click Here&apos; button in mail.<br/>&lt;br&gt;&lt;/br&gt;Step 10: Enter Blank Password:  <br/>&lt;br&gt; &lt;b&gt;Please look to the screenshot - &lt;/b&gt;<br/>&lt;br&gt;&lt;Strong&gt;&lt;font color=#FF0000&gt;--Failed&lt;/font&gt;&lt;/strong&gt;<br/>&lt;a href=&apos;../test-output/screenshots/1204131706509enterBlankPassword.png&apos; target=&apos;_new&apos;&gt;1204131706509enterBlankPassword.png&lt;/a&gt;<br/>&lt;br&gt;&lt;/br&gt;&lt;h3&gt;Failure Reason:&lt;/h3&gt;<br/>&lt;br&gt;&lt;/br&gt;org.openqa.selenium.NoSuchElementException: Timed out after 15 seconds. Unable to locate the element</div></td></tr><tr><th>Exception</th></tr><tr><td><div class="stacktrace">org.openqa.selenium.NoSuchElementException: Timed out after 15 seconds. Unable to locate the element
For documentation on this error, please visit: http://seleniumhq.org/exceptions/no_such_element.html
Build info: version: &apos;2.47.1&apos;, revision: &apos;unknown&apos;, time: &apos;2015-07-30 11:02:44&apos;
System info: host: &apos;HP&apos;, ip: &apos;192.168.1.35&apos;, os.name: &apos;Windows 8.1&apos;, os.arch: &apos;amd64&apos;, os.version: &apos;6.3&apos;, java.version: &apos;1.8.0_60&apos;
Driver info: driver.version: RemoteWebDriver
	at org.openqa.selenium.support.pagefactory.AjaxElementLocator.findElement(AjaxElementLocator.java:89)
	at org.openqa.selenium.support.pagefactory.internal.LocatingElementHandler.invoke(LocatingElementHandler.java:38)
	at com.sun.proxy.$Proxy8.getWrappedElement(Unknown Source)
	at org.openqa.selenium.remote.internal.WebElementToJsonConverter.apply(WebElementToJsonConverter.java:49)
	at com.google.common.collect.Iterators$8.transform(Iterators.java:794)
	at com.google.common.collect.TransformedIterator.next(TransformedIterator.java:48)
	at com.google.common.collect.Iterators.addAll(Iterators.java:357)
	at com.google.common.collect.Lists.newArrayList(Lists.java:147)
	at com.google.common.collect.Lists.newArrayList(Lists.java:129)
	at org.openqa.selenium.remote.RemoteWebDriver.executeScript(RemoteWebDriver.java:500)
	at com.zinghr.init.Common.highlightElement(Common.java:939)
	at com.zinghr.init.Common.clickOn(Common.java:528)
	at com.zinghr.signup.indexPage.SignupIndexPage.enterCompanyCode(SignupIndexPage.java:116)
	at com.zinghr.signup.indexPage.SignupIndexPage.blankPassword(SignupIndexPage.java:724)
	at com.zinghr.signup.index.SignupIndex.enterBlankPassword(SignupIndex.java:880)
Caused by: org.openqa.selenium.NoSuchElementException: Unable to locate element: {&quot;method&quot;:&quot;xpath&quot;,&quot;selector&quot;:&quot;.//*[@id=&apos;txtCompanyName&apos;]&quot;}
For documentation on this error, please visit: http://seleniumhq.org/exceptions/no_such_element.html
Build info: version: &apos;2.47.1&apos;, revision: &apos;411b314&apos;, time: &apos;2015-07-30 03:03:16&apos;
System info: host: &apos;HP&apos;, ip: &apos;192.168.1.35&apos;, os.name: &apos;Windows 8.1&apos;, os.arch: &apos;amd64&apos;, os.version: &apos;6.3&apos;, java.version: &apos;1.8.0_65&apos;
Driver info: driver.version: unknown
Command duration or timeout: 30.37 seconds
For documentation on this error, please visit: http://seleniumhq.org/exceptions/no_such_element.html
Build info: version: &apos;2.47.1&apos;, revision: &apos;unknown&apos;, time: &apos;2015-07-30 11:02:44&apos;
System info: host: &apos;HP&apos;, ip: &apos;192.168.1.35&apos;, os.name: &apos;Windows 8.1&apos;, os.arch: &apos;amd64&apos;, os.version: &apos;6.3&apos;, java.version: &apos;1.8.0_60&apos;
Driver info: org.openqa.selenium.remote.RemoteWebDriver
Capabilities [{applicationCacheEnabled=true, rotatable=false, handlesAlerts=true, databaseEnabled=true, version=42.0, platform=WINDOWS, nativeEvents=false, acceptSslCerts=true, webdriver.remote.sessionid=a99c943e-0ff1-4080-ae88-7c6412244153, webStorageEnabled=true, locationContextEnabled=true, browserName=firefox, takesScreenshot=true, javascriptEnabled=true, cssSelectorsEnabled=true}]
Session ID: a99c943e-0ff1-4080-ae88-7c6412244153
*** Element info: {Using=xpath, value=.//*[@id=&apos;txtCompanyName&apos;]}
	at org.openqa.selenium.remote.ErrorHandler.createThrowable(ErrorHandler.java:206)
	at org.openqa.selenium.remote.ErrorHandler.throwIfResponseFailed(ErrorHandler.java:158)
	at org.openqa.selenium.remote.RemoteWebDriver.execute(RemoteWebDriver.java:595)
	at org.openqa.selenium.remote.RemoteWebDriver.findElement(RemoteWebDriver.java:348)
	at org.openqa.selenium.remote.RemoteWebDriver.findElementByXPath(RemoteWebDriver.java:445)
	at org.openqa.selenium.By$ByXPath.findElement(By.java:358)
	at org.openqa.selenium.remote.RemoteWebDriver.findElement(RemoteWebDriver.java:340)
	at org.openqa.selenium.support.pagefactory.DefaultElementLocator.findElement(DefaultElementLocator.java:69)
	at org.openqa.selenium.support.pagefactory.AjaxElementLocator.access$001(AjaxElementLocator.java:41)
	at org.openqa.selenium.support.pagefactory.AjaxElementLocator$SlowLoadingElement.isLoaded(AjaxElementLocator.java:157)
	at org.openqa.selenium.support.ui.SlowLoadableComponent.get(SlowLoadableComponent.java:70)
	at org.openqa.selenium.support.pagefactory.AjaxElementLocator.findElement(AjaxElementLocator.java:87)
	... 41 more
Caused by: org.openqa.selenium.remote.ScreenshotException: Screen shot has been taken
Build info: version: &apos;2.47.1&apos;, revision: &apos;unknown&apos;, time: &apos;2015-07-30 11:02:44&apos;
System info: host: &apos;HP&apos;, ip: &apos;192.168.1.35&apos;, os.name: &apos;Windows 8.1&apos;, os.arch: &apos;amd64&apos;, os.version: &apos;6.3&apos;, java.version: &apos;1.8.0_60&apos;
Driver info: driver.version: RemoteWebDriver
	at org.openqa.selenium.remote.ErrorHandler.throwIfResponseFailed(ErrorHandler.java:138)
	... 51 more
Caused by: org.openqa.selenium.NoSuchElementException: Unable to locate element: {&quot;method&quot;:&quot;xpath&quot;,&quot;selector&quot;:&quot;.//*[@id=&apos;txtCompanyName&apos;]&quot;}
For documentation on this error, please visit: http://seleniumhq.org/exceptions/no_such_element.html
Build info: version: &apos;2.47.1&apos;, revision: &apos;411b314&apos;, time: &apos;2015-07-30 03:03:16&apos;
System info: host: &apos;HP&apos;, ip: &apos;192.168.1.35&apos;, os.name: &apos;Windows 8.1&apos;, os.arch: &apos;amd64&apos;, os.version: &apos;6.3&apos;, java.version: &apos;1.8.0_65&apos;
Driver info: driver.version: unknown
For documentation on this error, please visit: http://seleniumhq.org/exceptions/no_such_element.html
Build info: version: &apos;2.47.1&apos;, revision: &apos;unknown&apos;, time: &apos;2015-07-30 11:02:44&apos;
System info: host: &apos;HP&apos;, ip: &apos;192.168.1.35&apos;, os.name: &apos;Windows 8.1&apos;, os.arch: &apos;amd64&apos;, os.version: &apos;6.3&apos;, java.version: &apos;1.8.0_60&apos;
Driver info: driver.version: unknown
	at &lt;anonymous class&gt;.FirefoxDriver.prototype.findElementInternal_(file:///C:/Users/KSPL08/AppData/Local/Temp/anonymous7355973439361270513webdriver-profile/extensions/fxdriver@googlecode.com/components/driver-component.js:10667)
	at &lt;anonymous class&gt;.fxdriver.Timer.prototype.setTimeout/&lt;.notify(file:///C:/Users/KSPL08/AppData/Local/Temp/anonymous7355973439361270513webdriver-profile/extensions/fxdriver@googlecode.com/components/driver-component.js:623)
... Removed 31 stack frames</div></td></tr></table><p class="totop"><a href="#summary">back to summary</a></p></body></html>