<!DOCTYPE html>

<html>
  <head>
  <title>TestNG reports</title>

    <link type="text/css" href="testng-reports.css" rel="stylesheet" />  
    <script type="text/javascript" src="jquery-1.7.1.min.js"></script>
    <script type="text/javascript" src="testng-reports.js"></script>
    <script type="text/javascript" src="https://www.google.com/jsapi"></script>
    <script type='text/javascript'>
      google.load('visualization', '1', {packages:['table']});
      google.setOnLoadCallback(drawTable);
      var suiteTableInitFunctions = new Array();
      var suiteTableData = new Array();
    </script>
    <!--
      <script type="text/javascript" src="jquery-ui/js/jquery-ui-1.8.16.custom.min.js"></script>
     -->
  </head>

  <body>
    <div class="top-banner-root">
      <span class="top-banner-title-font">Test results</span>
      <br/>
      <span class="top-banner-font-1">1 suite, 1 failed test</span>
    </div> <!-- top-banner-root -->
    <div class="navigator-root">
      <div class="navigator-suite-header">
        <span>All suites</span>
        <a href="#" class="collapse-all-link" title="Collapse/expand all the suites">
          <img class="collapse-all-icon" src="collapseall.gif">
          </img> <!-- collapse-all-icon -->
        </a> <!-- collapse-all-link -->
      </div> <!-- navigator-suite-header -->
      <div class="suite">
        <div class="rounded-window">
          <div class="suite-header light-rounded-window-top">
            <a href="#" class="navigator-link" panel-name="suite-ZingHr_-_SignUp_Page_Verification">
              <span class="suite-name border-failed">ZingHr - SignUp Page Verification</span>
            </a> <!-- navigator-link -->
          </div> <!-- suite-header light-rounded-window-top -->
          <div class="navigator-suite-content">
            <div class="suite-section-title">
              <span>Info</span>
            </div> <!-- suite-section-title -->
            <div class="suite-section-content">
              <ul>
                <li>
                  <a href="#" class="navigator-link " panel-name="test-xml-ZingHr_-_SignUp_Page_Verification">
                    <span>C:\Users\KSPL08\git\ZINGHR-Automation-Project\Build\signupIndexSuit.xml</span>
                  </a> <!-- navigator-link  -->
                </li>
                <li>
                  <a href="#" class="navigator-link " panel-name="testlist-ZingHr_-_SignUp_Page_Verification">
                    <span class="test-stats">1 test</span>
                  </a> <!-- navigator-link  -->
                </li>
                <li>
                  <a href="#" class="navigator-link " panel-name="group-ZingHr_-_SignUp_Page_Verification">
                    <span>0 groups</span>
                  </a> <!-- navigator-link  -->
                </li>
                <li>
                  <a href="#" class="navigator-link " panel-name="times-ZingHr_-_SignUp_Page_Verification">
                    <span>Times</span>
                  </a> <!-- navigator-link  -->
                </li>
                <li>
                  <a href="#" class="navigator-link " panel-name="reporter-ZingHr_-_SignUp_Page_Verification">
                    <span>Reporter output</span>
                  </a> <!-- navigator-link  -->
                </li>
                <li>
                  <a href="#" class="navigator-link " panel-name="ignored-methods-ZingHr_-_SignUp_Page_Verification">
                    <span>Ignored methods</span>
                  </a> <!-- navigator-link  -->
                </li>
                <li>
                  <a href="#" class="navigator-link " panel-name="chronological-ZingHr_-_SignUp_Page_Verification">
                    <span>Chronological view</span>
                  </a> <!-- navigator-link  -->
                </li>
              </ul>
            </div> <!-- suite-section-content -->
            <div class="result-section">
              <div class="suite-section-title">
                <span>Results</span>
              </div> <!-- suite-section-title -->
              <div class="suite-section-content">
                <ul>
                  <li>
                    <span class="method-stats">1 method, 1 failed,   </span>
                  </li>
                  <li>
                    <span class="method-list-title failed">Failed methods</span>
                    <span class="show-or-hide-methods failed">
                      <a href="#" panel-name="suite-ZingHr_-_SignUp_Page_Verification" class="hide-methods failed suite-ZingHr_-_SignUp_Page_Verification"> (hide)</a> <!-- hide-methods failed suite-ZingHr_-_SignUp_Page_Verification -->
                      <a href="#" panel-name="suite-ZingHr_-_SignUp_Page_Verification" class="show-methods failed suite-ZingHr_-_SignUp_Page_Verification"> (show)</a> <!-- show-methods failed suite-ZingHr_-_SignUp_Page_Verification -->
                    </span>
                    <div class="method-list-content failed suite-ZingHr_-_SignUp_Page_Verification">
                      <span>
                        <img width="3%" src="failed.png"/>
                        <a href="#" class="method navigator-link" panel-name="suite-ZingHr_-_SignUp_Page_Verification" title="com.zinghr.signup.index.SignupIndex" hash-for-method="enterBlankPassword">enterBlankPassword</a> <!-- method navigator-link -->
                      </span>
                      <br/>
                    </div> <!-- method-list-content failed suite-ZingHr_-_SignUp_Page_Verification -->
                  </li>
                </ul>
              </div> <!-- suite-section-content -->
            </div> <!-- result-section -->
          </div> <!-- navigator-suite-content -->
        </div> <!-- rounded-window -->
      </div> <!-- suite -->
    </div> <!-- navigator-root -->
    <div class="wrapper">
      <div class="main-panel-root">
        <div panel-name="suite-ZingHr_-_SignUp_Page_Verification" class="panel ZingHr_-_SignUp_Page_Verification">
          <div class="suite-ZingHr_-_SignUp_Page_Verification-class-failed">
            <div class="main-panel-header rounded-window-top">
              <img src="failed.png"/>
              <span class="class-name">com.zinghr.signup.index.SignupIndex</span>
            </div> <!-- main-panel-header rounded-window-top -->
            <div class="main-panel-content rounded-window-bottom">
              <div class="method">
                <div class="method-content">
                  <a name="enterBlankPassword">
                  </a> <!-- enterBlankPassword -->
                  <span class="method-name">enterBlankPassword</span>
                  <div class="stack-trace">org.openqa.selenium.NoSuchElementException: Timed out after 15 seconds. Unable to locate the element
For documentation on this error, please visit: http://seleniumhq.org/exceptions/no_such_element.html
Build info: version: &apos;2.47.1&apos;, revision: &apos;unknown&apos;, time: &apos;2015-07-30 11:02:44&apos;
System info: host: &apos;HP&apos;, ip: &apos;192.168.1.35&apos;, os.name: &apos;Windows 8.1&apos;, os.arch: &apos;amd64&apos;, os.version: &apos;6.3&apos;, java.version: &apos;1.8.0_60&apos;
Driver info: driver.version: RemoteWebDriver
	at org.openqa.selenium.support.pagefactory.AjaxElementLocator.findElement(AjaxElementLocator.java:89)
	at org.openqa.selenium.support.pagefactory.internal.LocatingElementHandler.invoke(LocatingElementHandler.java:38)
	at com.sun.proxy.$Proxy8.getWrappedElement(Unknown Source)
	at org.openqa.selenium.remote.internal.WebElementToJsonConverter.apply(WebElementToJsonConverter.java:49)
	at com.google.common.collect.Iterators$8.transform(Iterators.java:794)
	at com.google.common.collect.TransformedIterator.next(TransformedIterator.java:48)
	at com.google.common.collect.Iterators.addAll(Iterators.java:357)
	at com.google.common.collect.Lists.newArrayList(Lists.java:147)
	at com.google.common.collect.Lists.newArrayList(Lists.java:129)
	at org.openqa.selenium.remote.RemoteWebDriver.executeScript(RemoteWebDriver.java:500)
	at com.zinghr.init.Common.highlightElement(Common.java:939)
	at com.zinghr.init.Common.clickOn(Common.java:528)
	at com.zinghr.signup.indexPage.SignupIndexPage.enterCompanyCode(SignupIndexPage.java:116)
	at com.zinghr.signup.indexPage.SignupIndexPage.blankPassword(SignupIndexPage.java:724)
	at com.zinghr.signup.index.SignupIndex.enterBlankPassword(SignupIndex.java:880)
Caused by: org.openqa.selenium.NoSuchElementException: Unable to locate element: {&quot;method&quot;:&quot;xpath&quot;,&quot;selector&quot;:&quot;.//*[@id=&apos;txtCompanyName&apos;]&quot;}
For documentation on this error, please visit: http://seleniumhq.org/exceptions/no_such_element.html
Build info: version: &apos;2.47.1&apos;, revision: &apos;411b314&apos;, time: &apos;2015-07-30 03:03:16&apos;
System info: host: &apos;HP&apos;, ip: &apos;192.168.1.35&apos;, os.name: &apos;Windows 8.1&apos;, os.arch: &apos;amd64&apos;, os.version: &apos;6.3&apos;, java.version: &apos;1.8.0_65&apos;
Driver info: driver.version: unknown
Command duration or timeout: 30.37 seconds
For documentation on this error, please visit: http://seleniumhq.org/exceptions/no_such_element.html
Build info: version: &apos;2.47.1&apos;, revision: &apos;unknown&apos;, time: &apos;2015-07-30 11:02:44&apos;
System info: host: &apos;HP&apos;, ip: &apos;192.168.1.35&apos;, os.name: &apos;Windows 8.1&apos;, os.arch: &apos;amd64&apos;, os.version: &apos;6.3&apos;, java.version: &apos;1.8.0_60&apos;
Driver info: org.openqa.selenium.remote.RemoteWebDriver
Capabilities [{applicationCacheEnabled=true, rotatable=false, handlesAlerts=true, databaseEnabled=true, version=42.0, platform=WINDOWS, nativeEvents=false, acceptSslCerts=true, webdriver.remote.sessionid=a99c943e-0ff1-4080-ae88-7c6412244153, webStorageEnabled=true, locationContextEnabled=true, browserName=firefox, takesScreenshot=true, javascriptEnabled=true, cssSelectorsEnabled=true}]
Session ID: a99c943e-0ff1-4080-ae88-7c6412244153
*** Element info: {Using=xpath, value=.//*[@id=&apos;txtCompanyName&apos;]}
	at org.openqa.selenium.remote.ErrorHandler.createThrowable(ErrorHandler.java:206)
	at org.openqa.selenium.remote.ErrorHandler.throwIfResponseFailed(ErrorHandler.java:158)
	at org.openqa.selenium.remote.RemoteWebDriver.execute(RemoteWebDriver.java:595)
	at org.openqa.selenium.remote.RemoteWebDriver.findElement(RemoteWebDriver.java:348)
	at org.openqa.selenium.remote.RemoteWebDriver.findElementByXPath(RemoteWebDriver.java:445)
	at org.openqa.selenium.By$ByXPath.findElement(By.java:358)
	at org.openqa.selenium.remote.RemoteWebDriver.findElement(RemoteWebDriver.java:340)
	at org.openqa.selenium.support.pagefactory.DefaultElementLocator.findElement(DefaultElementLocator.java:69)
	at org.openqa.selenium.support.pagefactory.AjaxElementLocator.access$001(AjaxElementLocator.java:41)
	at org.openqa.selenium.support.pagefactory.AjaxElementLocator$SlowLoadingElement.isLoaded(AjaxElementLocator.java:157)
	at org.openqa.selenium.support.ui.SlowLoadableComponent.get(SlowLoadableComponent.java:70)
	at org.openqa.selenium.support.pagefactory.AjaxElementLocator.findElement(AjaxElementLocator.java:87)
	... 41 more
Caused by: org.openqa.selenium.remote.ScreenshotException: Screen shot has been taken
Build info: version: &apos;2.47.1&apos;, revision: &apos;unknown&apos;, time: &apos;2015-07-30 11:02:44&apos;
System info: host: &apos;HP&apos;, ip: &apos;192.168.1.35&apos;, os.name: &apos;Windows 8.1&apos;, os.arch: &apos;amd64&apos;, os.version: &apos;6.3&apos;, java.version: &apos;1.8.0_60&apos;
Driver info: driver.version: RemoteWebDriver
	at org.openqa.selenium.remote.ErrorHandler.throwIfResponseFailed(ErrorHandler.java:138)
	... 51 more
Caused by: org.openqa.selenium.NoSuchElementException: Unable to locate element: {&quot;method&quot;:&quot;xpath&quot;,&quot;selector&quot;:&quot;.//*[@id=&apos;txtCompanyName&apos;]&quot;}
For documentation on this error, please visit: http://seleniumhq.org/exceptions/no_such_element.html
Build info: version: &apos;2.47.1&apos;, revision: &apos;411b314&apos;, time: &apos;2015-07-30 03:03:16&apos;
System info: host: &apos;HP&apos;, ip: &apos;192.168.1.35&apos;, os.name: &apos;Windows 8.1&apos;, os.arch: &apos;amd64&apos;, os.version: &apos;6.3&apos;, java.version: &apos;1.8.0_65&apos;
Driver info: driver.version: unknown
For documentation on this error, please visit: http://seleniumhq.org/exceptions/no_such_element.html
Build info: version: &apos;2.47.1&apos;, revision: &apos;unknown&apos;, time: &apos;2015-07-30 11:02:44&apos;
System info: host: &apos;HP&apos;, ip: &apos;192.168.1.35&apos;, os.name: &apos;Windows 8.1&apos;, os.arch: &apos;amd64&apos;, os.version: &apos;6.3&apos;, java.version: &apos;1.8.0_60&apos;
Driver info: driver.version: unknown
	at &lt;anonymous class&gt;.FirefoxDriver.prototype.findElementInternal_(file:///C:/Users/KSPL08/AppData/Local/Temp/anonymous7355973439361270513webdriver-profile/extensions/fxdriver@googlecode.com/components/driver-component.js:10667)
	at &lt;anonymous class&gt;.fxdriver.Timer.prototype.setTimeout/&lt;.notify(file:///C:/Users/KSPL08/AppData/Local/Temp/anonymous7355973439361270513webdriver-profile/extensions/fxdriver@googlecode.com/components/driver-component.js:623)
... Removed 31 stack frames
</div> <!-- stack-trace -->
                </div> <!-- method-content -->
              </div> <!-- method -->
            </div> <!-- main-panel-content rounded-window-bottom -->
          </div> <!-- suite-ZingHr_-_SignUp_Page_Verification-class-failed -->
        </div> <!-- panel ZingHr_-_SignUp_Page_Verification -->
        <div panel-name="test-xml-ZingHr_-_SignUp_Page_Verification" class="panel">
          <div class="main-panel-header rounded-window-top">
            <span class="header-content">C:\Users\KSPL08\git\ZINGHR-Automation-Project\Build\signupIndexSuit.xml</span>
          </div> <!-- main-panel-header rounded-window-top -->
          <div class="main-panel-content rounded-window-bottom">
            <pre>
&lt;?xml version=&quot;1.0&quot; encoding=&quot;UTF-8&quot;?&gt;
&lt;!DOCTYPE suite SYSTEM &quot;http://testng.org/testng-1.0.dtd&quot;&gt;
&lt;suite thread-count=&quot;1&quot; verbose=&quot;0&quot; name=&quot;ZingHr - SignUp Page Verification&quot;&gt;
  &lt;parameter name=&quot;selenium.port&quot; value=&quot;4444&quot;/&gt;
  &lt;parameter name=&quot;selenium.host&quot; value=&quot;localhost&quot;/&gt;
  &lt;parameter name=&quot;selenium.browser&quot; value=&quot;firefox&quot;/&gt;
  &lt;parameter name=&quot;selenium.url&quot; value=&quot;http://automation.zinghr.com/2015/pages/Authentication/SignUp.aspx&quot;/&gt;
  &lt;listeners&gt;
    &lt;listener class-name=&quot;com.zinghr.utility.CustomReporter&quot;/&gt;
  &lt;/listeners&gt;
  &lt;test name=&quot;A_SU_12: To verify that Password field do not accept blank data.&quot;&gt;
    &lt;classes&gt;
      &lt;class name=&quot;com.zinghr.signup.index.SignupIndex&quot;&gt;
        &lt;methods&gt;
          &lt;include name=&quot;enterBlankPassword&quot;/&gt;
        &lt;/methods&gt;
      &lt;/class&gt; &lt;!-- com.zinghr.signup.index.SignupIndex --&gt;
    &lt;/classes&gt;
  &lt;/test&gt; &lt;!-- A_SU_12: To verify that Password field do not accept blank data. --&gt;
&lt;/suite&gt; &lt;!-- ZingHr - SignUp Page Verification --&gt;
            </pre>
          </div> <!-- main-panel-content rounded-window-bottom -->
        </div> <!-- panel -->
        <div panel-name="testlist-ZingHr_-_SignUp_Page_Verification" class="panel">
          <div class="main-panel-header rounded-window-top">
            <span class="header-content">Tests for ZingHr - SignUp Page Verification</span>
          </div> <!-- main-panel-header rounded-window-top -->
          <div class="main-panel-content rounded-window-bottom">
            <ul>
              <li>
                <span class="test-name">A_SU_12: To verify that Password field do not accept blank data. (1 class)</span>
              </li>
            </ul>
          </div> <!-- main-panel-content rounded-window-bottom -->
        </div> <!-- panel -->
        <div panel-name="group-ZingHr_-_SignUp_Page_Verification" class="panel">
          <div class="main-panel-header rounded-window-top">
            <span class="header-content">Groups for ZingHr - SignUp Page Verification</span>
          </div> <!-- main-panel-header rounded-window-top -->
          <div class="main-panel-content rounded-window-bottom">
          </div> <!-- main-panel-content rounded-window-bottom -->
        </div> <!-- panel -->
        <div panel-name="times-ZingHr_-_SignUp_Page_Verification" class="panel">
          <div class="main-panel-header rounded-window-top">
            <span class="header-content">Times for ZingHr - SignUp Page Verification</span>
          </div> <!-- main-panel-header rounded-window-top -->
          <div class="main-panel-content rounded-window-bottom">
            <div class="times-div">
              <script type="text/javascript">
suiteTableInitFunctions.push('tableData_ZingHr_-_SignUp_Page_Verification');
function tableData_ZingHr_-_SignUp_Page_Verification() {
var data = new google.visualization.DataTable();
data.addColumn('number', 'Number');
data.addColumn('string', 'Method');
data.addColumn('string', 'Class');
data.addColumn('number', 'Time (ms)');
data.addRows(1);
data.setCell(0, 0, 0)
data.setCell(0, 1, 'enterBlankPassword')
data.setCell(0, 2, 'com.zinghr.signup.index.SignupIndex')
data.setCell(0, 3, 93471);
window.suiteTableData['ZingHr_-_SignUp_Page_Verification']= { tableData: data, tableDiv: 'times-div-ZingHr_-_SignUp_Page_Verification'}
return data;
}
              </script>
              <span class="suite-total-time">Total running time: 1 minutes</span>
              <div id="times-div-ZingHr_-_SignUp_Page_Verification">
              </div> <!-- times-div-ZingHr_-_SignUp_Page_Verification -->
            </div> <!-- times-div -->
          </div> <!-- main-panel-content rounded-window-bottom -->
        </div> <!-- panel -->
        <div panel-name="reporter-ZingHr_-_SignUp_Page_Verification" class="panel">
          <div class="main-panel-header rounded-window-top">
            <span class="header-content">Reporter output for ZingHr - SignUp Page Verification</span>
          </div> <!-- main-panel-header rounded-window-top -->
          <div class="main-panel-content rounded-window-bottom">
            <div class="reporter-method-div">
              <span class="reporter-method-name">enterBlankPassword</span>
              <div class="reporter-method-output-div">
                <span class="reporter-method-output"><br></br>Test Case Id : A_SU_12 </span>
                <span class="reporter-method-output"><br></br>Testcase Discription : Click here button in email.</span>
                <span class="reporter-method-output"><br></br>Step 1 : Open url:<a>http://automation.zinghr.com/2015/pages/Authentication/SignUp.aspx</a></span>
                <span class="reporter-method-output"><br></br>Step 2: Enter company Name: Dhix</span>
                <span class="reporter-method-output"><br></br>Step 3: Display Employee Name: PVdwge</span>
                <span class="reporter-method-output"><br></br>Step 4: Enter Email id: kiwitest1-1956130614@mailinator.com</span>
                <span class="reporter-method-output"><br></br>Step 5: Select any country</span>
                <span class="reporter-method-output"><br></br>Step 6: Enter Contact no: 9429186891</span>
                <span class="reporter-method-output"><br></br>Step 7: Click on 'Sign Up for 30 days trial' button.</span>
                <span class="reporter-method-output"><br></br>Step 8: Open ZingHR activation mail.</span>
                <span class="reporter-method-output"><br></br>Step 9: Click on 'Click Here' button in mail.</span>
                <span class="reporter-method-output"><br></br>Step 10: Enter Blank Password:  </span>
                <span class="reporter-method-output"><br> <b>Please look to the screenshot - </b></span>
                <span class="reporter-method-output"><br><Strong><font color=#FF0000>--Failed</font></strong></span>
                <span class="reporter-method-output"><a href='../test-output/screenshots/1204131706509enterBlankPassword.png' target='_new'>1204131706509enterBlankPassword.png</a></span>
                <span class="reporter-method-output"><br></br><h3>Failure Reason:</h3></span>
                <span class="reporter-method-output"><br></br>org.openqa.selenium.NoSuchElementException: Timed out after 15 seconds. Unable to locate the element</span>
              </div> <!-- reporter-method-output-div -->
            </div> <!-- reporter-method-div -->
          </div> <!-- main-panel-content rounded-window-bottom -->
        </div> <!-- panel -->
        <div panel-name="ignored-methods-ZingHr_-_SignUp_Page_Verification" class="panel">
          <div class="main-panel-header rounded-window-top">
            <span class="header-content">33 ignored methods</span>
          </div> <!-- main-panel-header rounded-window-top -->
          <div class="main-panel-content rounded-window-bottom">
            <div class="ignored-class-div">
              <span class="ignored-class-name">com.zinghr.signup.index.SignupIndex</span>
              <div class="ignored-methods-div">
                <span class="ignored-method-name">emailContents</span>
                <br/>
                <span class="ignored-method-name">invalidActivationCode</span>
                <br/>
                <span class="ignored-method-name">emailClickHereBtn</span>
                <br/>
                <span class="ignored-method-name">contactNumFieldMorethan10</span>
                <br/>
                <span class="ignored-method-name">contactNumFieldInvalid</span>
                <br/>
                <span class="ignored-method-name">contactNumFieldValid</span>
                <br/>
                <span class="ignored-method-name">emailFormat</span>
                <br/>
                <span class="ignored-method-name">displaynameFieldInvalid</span>
                <br/>
                <span class="ignored-method-name">checkbox</span>
                <br/>
                <span class="ignored-method-name">activationPage</span>
                <br/>
                <span class="ignored-method-name">companynameFieldEmpty</span>
                <br/>
                <span class="ignored-method-name">activateSuccessfullyMesg</span>
                <br/>
                <span class="ignored-method-name">emailidFieldValid</span>
                <br/>
                <span class="ignored-method-name">emailidFieldBlank</span>
                <br/>
                <span class="ignored-method-name">blankPswdActCode</span>
                <br/>
                <span class="ignored-method-name">previouslyActivateCode1</span>
                <br/>
                <span class="ignored-method-name">activateTwice</span>
                <br/>
                <span class="ignored-method-name">selectCountry</span>
                <br/>
                <span class="ignored-method-name">termsAndprivacy</span>
                <br/>
                <span class="ignored-method-name">emailidFieldInvalid</span>
                <br/>
                <span class="ignored-method-name">selectNoCountry</span>
                <br/>
                <span class="ignored-method-name">companynameFieldlessthan3</span>
                <br/>
                <span class="ignored-method-name">emailverification</span>
                <br/>
                <span class="ignored-method-name">HomePage</span>
                <br/>
                <span class="ignored-method-name">pswdProgressStatus</span>
                <br/>
                <span class="ignored-method-name">contactNumFieldBlank</span>
                <br/>
                <span class="ignored-method-name">companynameFieldBlank</span>
                <br/>
                <span class="ignored-method-name">companynameFieldAlphanumeric</span>
                <br/>
                <span class="ignored-method-name">activateSuccessfully</span>
                <br/>
                <span class="ignored-method-name">updateAccountName</span>
                <br/>
                <span class="ignored-method-name">displaynameFieldAlphabet</span>
                <br/>
                <span class="ignored-method-name">displaynameFieldBlank</span>
                <br/>
                <span class="ignored-method-name">enterPaswd</span>
                <br/>
              </div> <!-- ignored-methods-div -->
            </div> <!-- ignored-class-div -->
          </div> <!-- main-panel-content rounded-window-bottom -->
        </div> <!-- panel -->
        <div panel-name="chronological-ZingHr_-_SignUp_Page_Verification" class="panel">
          <div class="main-panel-header rounded-window-top">
            <span class="header-content">Methods in chronological order</span>
          </div> <!-- main-panel-header rounded-window-top -->
          <div class="main-panel-content rounded-window-bottom">
            <div class="chronological-class">
              <div class="chronological-class-name">com.zinghr.signup.index.SignupIndex</div> <!-- chronological-class-name -->
              <div class="configuration-test before">
                <span class="method-name">fetchSuiteConfiguration(org.testng.TestRunner@2cf3d63b)</span>
                <span class="method-start">0 ms</span>
              </div> <!-- configuration-test before -->
              <div class="configuration-method before">
                <span class="method-name">setUp(public void com.zinghr.signup.index.SignupIndex.enterBlankPassword() throws java.lang.Exception, org...)</span>
                <span class="method-start">17 ms</span>
              </div> <!-- configuration-method before -->
              <div class="test-method">
                <img src="failed.png">
                </img>
                <span class="method-name">enterBlankPassword</span>
                <span class="method-start">8397 ms</span>
              </div> <!-- test-method -->
              <div class="configuration-method after">
                <span class="method-name">tearDown([TestResult name=enterBlankPassword status=FAILURE method=SignupIndex.enterBlankPassword()[pri:0, in...)</span>
                <span class="method-start">101884 ms</span>
              </div> <!-- configuration-method after -->
          </div> <!-- main-panel-content rounded-window-bottom -->
        </div> <!-- panel -->
      </div> <!-- main-panel-root -->
    </div> <!-- wrapper -->
  </body>
</html>
